[04:19:48] This is prokka 1.14.6
[04:19:48] Written by Torsten Seemann <torsten.seemann@gmail.com>
[04:19:48] Homepage is https://github.com/tseemann/prokka
[04:19:48] Local time is Sun Sep 29 04:19:48 2024
[04:19:48] You are masom0b
[04:19:48] Operating system is linux
[04:19:48] You have BioPerl 1.007002
[04:19:48] System has 40 cores.
[04:19:48] Will use maximum of 8 cores.
[04:19:48] Annotating as >>> Bacteria <<<
[04:19:48] Generating locus_tag from '/home/masom0b/ncbi_dataset/week_5/ncbi_dataset/data/GCF_000008785.1/GCF_000008785.1_ASM878v1_genomic.fna' contents.
[04:19:48] Setting --locustag BOOBKDJI from MD5 b88b4d32f92f77c0f693bf40af1c6f66
[04:19:48] Re-using existing --outdir /home/masom0b/ncbi_dataset/week_5/prokka_output_CDS/GCF_000008785.1_ASM878v1_genomic_prokka_output
[04:19:48] Using filename prefix: GCF_000008785.1_ASM878v1_genomic.XXX
[04:19:48] Setting HMMER_NCPU=1
[04:19:48] Writing log to: /home/masom0b/ncbi_dataset/week_5/prokka_output_CDS/GCF_000008785.1_ASM878v1_genomic_prokka_output/GCF_000008785.1_ASM878v1_genomic.log
[04:19:48] Command: /ibex/sw/csi/prokka/1.14.5/conda2/miniconda2/bin/prokka --outdir /home/masom0b/ncbi_dataset/week_5/prokka_output_CDS/GCF_000008785.1_ASM878v1_genomic_prokka_output --prefix GCF_000008785.1_ASM878v1_genomic --force /home/masom0b/ncbi_dataset/week_5/ncbi_dataset/data/GCF_000008785.1/GCF_000008785.1_ASM878v1_genomic.fna --quiet
[04:19:48] Appending to PATH: /ibex/sw/csi/prokka/1.14.5/conda2/miniconda2/bin
[04:19:48] Looking for 'aragorn' - found /ibex/sw/csi/prokka/1.14.5/conda2/miniconda2/bin/aragorn
[04:19:48] Determined aragorn version is 001002 from 'ARAGORN v1.2.38 Dean Laslett'
[04:19:48] Looking for 'barrnap' - found /ibex/sw/csi/prokka/1.14.5/conda2/miniconda2/bin/barrnap
[04:19:48] Determined barrnap version is 000009 from 'barrnap 0.9'
[04:19:48] Looking for 'blastp' - found /ibex/sw/csi/prokka/1.14.5/conda2/miniconda2/bin/blastp
[04:19:48] Determined blastp version is 002010 from 'blastp: 2.10.1+'
[04:19:48] Looking for 'cmpress' - found /ibex/sw/csi/prokka/1.14.5/conda2/miniconda2/bin/cmpress
[04:19:48] Determined cmpress version is 001001 from '# INFERNAL 1.1.3 (Nov 2019)'
[04:19:48] Looking for 'cmscan' - found /ibex/sw/csi/prokka/1.14.5/conda2/miniconda2/bin/cmscan
[04:19:48] Determined cmscan version is 001001 from '# INFERNAL 1.1.3 (Nov 2019)'
[04:19:48] Looking for 'egrep' - found /usr/bin/egrep
[04:19:48] Looking for 'find' - found /usr/bin/find
[04:19:48] Looking for 'grep' - found /usr/bin/grep
[04:19:48] Looking for 'hmmpress' - found /ibex/sw/csi/prokka/1.14.5/conda2/miniconda2/bin/hmmpress
[04:19:48] Determined hmmpress version is 003003 from '# HMMER 3.3.2 (Nov 2020); http://hmmer.org/'
[04:19:48] Looking for 'hmmscan' - found /ibex/sw/csi/prokka/1.14.5/conda2/miniconda2/bin/hmmscan
[04:19:48] Determined hmmscan version is 003003 from '# HMMER 3.3.2 (Nov 2020); http://hmmer.org/'
[04:19:48] Looking for 'java' - found /ibex/sw/csi/prokka/1.14.5/conda2/miniconda2/bin/java
[04:19:48] Looking for 'makeblastdb' - found /ibex/sw/csi/prokka/1.14.5/conda2/miniconda2/bin/makeblastdb
[04:19:48] Determined makeblastdb version is 002010 from 'makeblastdb: 2.10.1+'
[04:19:48] Looking for 'minced' - found /ibex/sw/csi/prokka/1.14.5/conda2/miniconda2/bin/minced
[04:19:48] Determined minced version is 004002 from 'minced 0.4.2'
[04:19:48] Looking for 'parallel' - found /ibex/sw/csi/prokka/1.14.5/conda2/miniconda2/bin/parallel
[04:19:48] Determined parallel version is 20201122 from 'GNU parallel 20201122'
[04:19:48] Looking for 'prodigal' - found /ibex/sw/rl9c/prodigal/2.6.3/rl9_gnu12.2.0/bin/prodigal
[04:19:48] Determined prodigal version is 002006 from 'Prodigal V2.6.3: February, 2016'
[04:19:48] Looking for 'prokka-genbank_to_fasta_db' - found /ibex/sw/csi/prokka/1.14.5/conda2/miniconda2/bin/prokka-genbank_to_fasta_db
[04:19:48] Looking for 'sed' - found /usr/bin/sed
[04:19:48] Looking for 'tbl2asn' - found /ibex/sw/csi/prokka/1.14.5/conda2/miniconda2/bin/tbl2asn
[04:19:48] Determined tbl2asn version is 025007 from 'tbl2asn 25.7   arguments:'
[04:19:48] Using genetic code table 11.
[04:19:48] Loading and checking input file: /home/masom0b/ncbi_dataset/week_5/ncbi_dataset/data/GCF_000008785.1/GCF_000008785.1_ASM878v1_genomic.fna
[04:19:49] Wrote 1 contigs totalling 1643831 bp.
[04:19:49] Predicting tRNAs and tmRNAs
[04:19:49] Running: aragorn -l -gc11  -w \/home\/masom0b\/ncbi_dataset\/week_5\/prokka_output_CDS\/GCF_000008785\.1_ASM878v1_genomic_prokka_output\/GCF_000008785\.1_ASM878v1_genomic\.fna
[04:19:49] 1 tRNA-Glu c[4079,4154] 35 (ttc)
[04:19:49] 2 tRNA-Asp c[4214,4290] 35 (gtc)
[04:19:49] 3 tRNA-Val c[4341,4416] 34 (tac)
[04:19:49] 4 tRNA-Glu c[4454,4528] 34 (ttc)
[04:19:49] 5 tRNA-Lys c[4541,4616] 34 (ttt)
[04:19:49] 6 tRNA-Val c[75728,75803] 34 (gac)
[04:19:49] 7 tRNA-Ser [93161,93252] 36 (gct)
[04:19:49] 8 tRNA-Asn c[235335,235409] 33 (gtt)
[04:19:49] 9 tRNA-Ala c[258389,258464] 34 (ggc)
[04:19:49] 10 tRNA-Arg [341122,341198] 35 (gcg)
[04:19:49] 11 tRNA-Ser c[391010,391097] 35 (gga)
[04:19:49] 12 tRNA-Pro c[442334,442411] 36 (ggg)
[04:19:49] 13 tRNA-Met c[760036,760112] 35 (cat)
[04:19:49] 14 tmRNA c[800992,801377] 84,128 VNNADYAPAYAKAA*
[04:19:49] 15 tRNA-Arg [852570,852646] 35 (cct)
[04:19:49] 16 tRNA-Met c[915399,915475] 35 (cat)
[04:19:49] 17 tRNA-Gln c[915508,915582] 33 (ttg)
[04:19:49] 18 tRNA-Gly [974561,974636] 34 (gcc)
[04:19:49] 19 tRNA-Leu [974676,974762] 35 (taa)
[04:19:49] 20 tRNA-Cys [974816,974890] 33 (gca)
[04:19:49] 21 tRNA-Ser [974940,975027] 35 (tga)
[04:19:49] 22 tRNA-Arg c[1076698,1076774] 35 (tct)
[04:19:49] 23 tRNA-Arg c[1076796,1076872] 35 (tcg)
[04:19:49] 24 tRNA-His c[1076932,1077008] 35 (gtg)
[04:19:49] 25 tRNA-Pro c[1077075,1077152] 36 (tgg)
[04:19:49] 26 tRNA-Leu c[1127524,1127608] 35 (tag)
[04:19:49] 27 tRNA-Ile [1132400,1132476] 35 (gat)
[04:19:49] 28 tRNA-Ala [1132494,1132569] 34 (tgc)
[04:19:49] 29 tRNA-Met c[1230231,1230308] 36 (cat)
[04:19:49] 30 tRNA-Trp c[1258703,1258778] 34 (cca)
[04:19:49] 31 tRNA-Thr c[1260350,1260424] 33 (ggt)
[04:19:49] 32 tRNA-Gly c[1260455,1260531] 35 (tcc)
[04:19:49] 33 tRNA-Tyr c[1260548,1260632] 35 (gta)
[04:19:49] 34 tRNA-Thr c[1260660,1260735] 34 (tgt)
[04:19:49] 35 tRNA-Leu c[1266069,1266155] 35 (caa)
[04:19:49] 36 tRNA-Leu c[1266209,1266295] 35 (gag)
[04:19:49] 37 tRNA-Phe [1556051,1556126] 34 (gaa)
[04:19:49] Found 37 tRNAs
[04:19:49] Predicting Ribosomal RNAs
[04:19:49] Running Barrnap with 8 threads
[04:19:50] 1 NC_000921.1 1057559 23S ribosomal RNA
[04:19:50] 2 NC_000921.1 1188028 16S ribosomal RNA
[04:19:50] 3 NC_000921.1 1427397 23S ribosomal RNA
[04:19:50] 4 NC_000921.1 1463046 16S ribosomal RNA
[04:19:50] Found 4 rRNAs
[04:19:50] Skipping ncRNA search, enable with --rfam if desired.
[04:19:50] Total of 40 tRNA + rRNA features
[04:19:50] Searching for CRISPR repeats
[04:19:50] Found 0 CRISPRs
[04:19:50] Predicting coding sequences
[04:19:50] Contigs total 1643831 bp, so using single mode
[04:19:50] Running: prodigal -i \/home\/masom0b\/ncbi_dataset\/week_5\/prokka_output_CDS\/GCF_000008785\.1_ASM878v1_genomic_prokka_output\/GCF_000008785\.1_ASM878v1_genomic\.fna -c -m -g 11 -p single -f sco -q
[04:19:53] Excluding CDS which overlaps existing RNA (tRNA) at NC_000921.1:760074..761195 on - strand
[04:19:53] Found 1504 CDS
[04:19:53] Connecting features back to sequences
[04:19:53] Not using genus-specific database. Try --usegenus to enable it.
[04:19:53] Annotating CDS, please be patient.
[04:19:53] Will use 8 CPUs for similarity searching.
[04:19:53] There are still 1504 unannotated CDS left (started with 1504)
[04:19:53] Will use blast to search against /ibex/sw/csi/prokka/1.14.5/conda2/miniconda2/db/kingdom/Bacteria/IS with 8 CPUs
[04:19:53] Running: cat \/home\/masom0b\/ncbi_dataset\/week_5\/prokka_output_CDS\/GCF_000008785\.1_ASM878v1_genomic_prokka_output\/GCF_000008785\.1_ASM878v1_genomic\.IS\.tmp\.16774\.faa | parallel --gnu --plain -j 8 --block 31475 --recstart '>' --pipe blastp -query - -db /ibex/sw/csi/prokka/1.14.5/conda2/miniconda2/db/kingdom/Bacteria/IS -evalue 1e-30 -qcov_hsp_perc 90 -num_threads 1 -num_descriptions 1 -num_alignments 1 -seg no > \/home\/masom0b\/ncbi_dataset\/week_5\/prokka_output_CDS\/GCF_000008785\.1_ASM878v1_genomic_prokka_output\/GCF_000008785\.1_ASM878v1_genomic\.IS\.tmp\.16774\.blast 2> /dev/null
[04:19:58] Deleting unwanted file: /home/masom0b/ncbi_dataset/week_5/prokka_output_CDS/GCF_000008785.1_ASM878v1_genomic_prokka_output/GCF_000008785.1_ASM878v1_genomic.IS.tmp.16774.faa
[04:19:58] Deleting unwanted file: /home/masom0b/ncbi_dataset/week_5/prokka_output_CDS/GCF_000008785.1_ASM878v1_genomic_prokka_output/GCF_000008785.1_ASM878v1_genomic.IS.tmp.16774.blast
[04:19:58] There are still 1502 unannotated CDS left (started with 1504)
[04:19:58] Will use blast to search against /ibex/sw/csi/prokka/1.14.5/conda2/miniconda2/db/kingdom/Bacteria/AMR with 8 CPUs
[04:19:58] Running: cat \/home\/masom0b\/ncbi_dataset\/week_5\/prokka_output_CDS\/GCF_000008785\.1_ASM878v1_genomic_prokka_output\/GCF_000008785\.1_ASM878v1_genomic\.AMR\.tmp\.16774\.faa | parallel --gnu --plain -j 8 --block 31426 --recstart '>' --pipe blastp -query - -db /ibex/sw/csi/prokka/1.14.5/conda2/miniconda2/db/kingdom/Bacteria/AMR -evalue 9.99999999999999e-301 -qcov_hsp_perc 90 -num_threads 1 -num_descriptions 1 -num_alignments 1 -seg no > \/home\/masom0b\/ncbi_dataset\/week_5\/prokka_output_CDS\/GCF_000008785\.1_ASM878v1_genomic_prokka_output\/GCF_000008785\.1_ASM878v1_genomic\.AMR\.tmp\.16774\.blast 2> /dev/null
[04:20:01] Deleting unwanted file: /home/masom0b/ncbi_dataset/week_5/prokka_output_CDS/GCF_000008785.1_ASM878v1_genomic_prokka_output/GCF_000008785.1_ASM878v1_genomic.AMR.tmp.16774.faa
[04:20:01] Deleting unwanted file: /home/masom0b/ncbi_dataset/week_5/prokka_output_CDS/GCF_000008785.1_ASM878v1_genomic_prokka_output/GCF_000008785.1_ASM878v1_genomic.AMR.tmp.16774.blast
[04:20:02] There are still 1502 unannotated CDS left (started with 1504)
[04:20:02] Will use blast to search against /ibex/sw/csi/prokka/1.14.5/conda2/miniconda2/db/kingdom/Bacteria/sprot with 8 CPUs
[04:20:02] Running: cat \/home\/masom0b\/ncbi_dataset\/week_5\/prokka_output_CDS\/GCF_000008785\.1_ASM878v1_genomic_prokka_output\/GCF_000008785\.1_ASM878v1_genomic\.sprot\.tmp\.16774\.faa | parallel --gnu --plain -j 8 --block 31426 --recstart '>' --pipe blastp -query - -db /ibex/sw/csi/prokka/1.14.5/conda2/miniconda2/db/kingdom/Bacteria/sprot -evalue 1e-09 -qcov_hsp_perc 80 -num_threads 1 -num_descriptions 1 -num_alignments 1 -seg no > \/home\/masom0b\/ncbi_dataset\/week_5\/prokka_output_CDS\/GCF_000008785\.1_ASM878v1_genomic_prokka_output\/GCF_000008785\.1_ASM878v1_genomic\.sprot\.tmp\.16774\.blast 2> /dev/null
[04:20:17] Modify product: Uncharacterized protein NMB1437 => putative protein
[04:20:17] Modify product: Probable transcriptional regulatory protein HP_0162 => putative transcriptional regulatory protein
[04:20:17] Modify product: Putative peptidyl-prolyl cis-trans isomerase HP_0175 => Putative peptidyl-prolyl cis-trans isomerase
[04:20:17] Modify product: Aminopeptidase HP_1037 => Aminopeptidase
[04:20:17] Modify product: Uncharacterized AAA domain-containing protein Rv2559c => putative AAA domain-containing protein
[04:20:17] Modify product: Uncharacterized zinc protease Rv2782c => putative zinc protease
[04:20:17] Modify product: Uncharacterized protein HP_0495 => putative protein
[04:20:17] Modify product: Uncharacterized FAD-linked oxidoreductase Rv2280 => putative FAD-linked oxidoreductase
[04:20:17] Modify product: Uncharacterized ABC transporter ATP-binding protein YejF => putative ABC transporter ATP-binding protein YejF
[04:20:17] Modify product: Putative transport protein Rv1101c => Putative transport protein
[04:20:17] Modify product: Bifunctional protein FolD => Bifunctional protein FolD protein
[04:20:17] Modify product: Uncharacterized ABC transporter ATP-binding protein TM_0288 => putative ABC transporter ATP-binding protein
[04:20:17] Modify product: Probable L-asparaginase => putative L-asparaginase
[04:20:17] Modify product: Probable FMN/FAD exporter YeeO => putative FMN/FAD exporter YeeO
[04:20:17] Modify product: Nucleoid-associated protein HP_0035 => Nucleoid-associated protein
[04:20:17] Modify product: Putative 2-hydroxyacid dehydrogenase HI_1556 => Putative 2-hydroxyacid dehydrogenase
[04:20:17] Modify product: Uncharacterized zinc protease Rv2782c => putative zinc protease
[04:20:18] Modify product: Uncharacterized RNA pseudouridine synthase HP_0347 => putative RNA pseudouridine synthase
[04:20:18] Modify product: Chemotaxis protein CheY homolog => Chemotaxis protein CheY 
[04:20:18] Modify product: Uncharacterized protein HP_1423 => putative protein
[04:20:18] Modify product: Probable dual-specificity RNA methyltransferase RlmN => putative dual-specificity RNA methyltransferase RlmN
[04:20:18] Modify product: UPF0194 membrane protein YbhG => hypothetical protein
[04:20:18] Modify product: UPF0053 protein Rv1842c => hypothetical protein
[04:20:18] Modify product: Uncharacterized HIT-like protein HP_0404 => putative HIT-like protein
[04:20:18] Modify product: UPF0053 inner membrane protein YgdQ => hypothetical protein
[04:20:18] Modify product: Probable nicotinate-nucleotide pyrophosphorylase [carboxylating] => putative nicotinate-nucleotide pyrophosphorylase [carboxylating]
[04:20:18] Modify product: Uncharacterized protein Rv2581c => putative protein
[04:20:18] Modify product: Probable adenylyltransferase/sulfurtransferase MoeZ => putative adenylyltransferase/sulfurtransferase MoeZ
[04:20:18] Modify product: Uncharacterized ABC transporter ATP-binding protein YbiT => putative ABC transporter ATP-binding protein YbiT
[04:20:18] Modify product: Uncharacterized ABC transporter ATP-binding protein HI_1470 => putative ABC transporter ATP-binding protein
[04:20:18] Modify product: Uncharacterized protein HP_1531 => putative protein
[04:20:18] Modify product: Probable formaldehyde dehydrogenase AdhA => putative formaldehyde dehydrogenase AdhA
[04:20:18] Modify product: Probable peptidoglycan D,D-transpeptidase PenA => putative peptidoglycan D,D-transpeptidase PenA
[04:20:18] Modify product: Probable peptidoglycan glycosyltransferase FtsW => putative peptidoglycan glycosyltransferase FtsW
[04:20:18] Modify product: Uncharacterized metal-dependent hydrolase YcfH => putative metal-dependent hydrolase YcfH
[04:20:18] Modify product: Probable tautomerase HP_0924 => putative tautomerase
[04:20:18] Modify product: Protease HtpX homolog => Protease HtpX 
[04:20:18] Modify product: Probable amino-acid ABC transporter-binding protein HI_1080 => putative amino-acid ABC transporter-binding protein
[04:20:18] Modify product: RutC family protein HI_0719 => RutC family protein
[04:20:18] Modify product: Uncharacterized RNA pseudouridine synthase Rv1540 => putative RNA pseudouridine synthase
[04:20:18] Modify product: Uncharacterized protein Rv2030c => putative protein
[04:20:18] Modify product: Multidrug efflux system ATP-binding protein Rv1218c => Multidrug efflux system ATP-binding protein
[04:20:18] Modify product: Protein jhp_1168 => Protein
[04:20:18] Modify product: Probable chromosome-partitioning protein ParB => putative chromosome-partitioning protein ParB
[04:20:18] Cleaned 44 /product names
[04:20:18] Deleting unwanted file: /home/masom0b/ncbi_dataset/week_5/prokka_output_CDS/GCF_000008785.1_ASM878v1_genomic_prokka_output/GCF_000008785.1_ASM878v1_genomic.sprot.tmp.16774.faa
[04:20:18] Deleting unwanted file: /home/masom0b/ncbi_dataset/week_5/prokka_output_CDS/GCF_000008785.1_ASM878v1_genomic_prokka_output/GCF_000008785.1_ASM878v1_genomic.sprot.tmp.16774.blast
[04:20:18] There are still 762 unannotated CDS left (started with 1504)
[04:20:18] Will use hmmer3 to search against /ibex/sw/csi/prokka/1.14.5/conda2/miniconda2/db/hmm/HAMAP.hmm with 8 CPUs
[04:20:18] Running: cat \/home\/masom0b\/ncbi_dataset\/week_5\/prokka_output_CDS\/GCF_000008785\.1_ASM878v1_genomic_prokka_output\/GCF_000008785\.1_ASM878v1_genomic\.HAMAP\.hmm\.tmp\.16774\.faa | parallel --gnu --plain -j 8 --block 15035 --recstart '>' --pipe hmmscan --noali --notextw --acc -E 1e-09 --cpu 1 /ibex/sw/csi/prokka/1.14.5/conda2/miniconda2/db/hmm/HAMAP.hmm /dev/stdin > \/home\/masom0b\/ncbi_dataset\/week_5\/prokka_output_CDS\/GCF_000008785\.1_ASM878v1_genomic_prokka_output\/GCF_000008785\.1_ASM878v1_genomic\.HAMAP\.hmm\.tmp\.16774\.hmmer3 2> /dev/null
[04:20:23] Modify product: Uncharacterized MFS-type transporter YfcJ => putative MFS-type transporter YfcJ
[04:20:23] Cleaned 1 /product names
[04:20:23] Deleting unwanted file: /home/masom0b/ncbi_dataset/week_5/prokka_output_CDS/GCF_000008785.1_ASM878v1_genomic_prokka_output/GCF_000008785.1_ASM878v1_genomic.HAMAP.hmm.tmp.16774.faa
[04:20:23] Deleting unwanted file: /home/masom0b/ncbi_dataset/week_5/prokka_output_CDS/GCF_000008785.1_ASM878v1_genomic_prokka_output/GCF_000008785.1_ASM878v1_genomic.HAMAP.hmm.tmp.16774.hmmer3
[04:20:23] Labelling remaining 655 proteins as 'hypothetical protein'
[04:20:23] Possible /pseudo 'L-lactate permease' at NC_000921.1 position 144989
[04:20:23] Possible /pseudo 'Dipeptide transport system permease protein DppC' at NC_000921.1 position 315926
[04:20:23] Possible /pseudo 'DNA topoisomerase 1' at NC_000921.1 position 1018247
[04:20:23] Found 750 unique /gene codes.
[04:20:23] Fixed 3 duplicate /gene - htpX_1 htpX_2 htpX_3
[04:20:23] Fixed 3 duplicate /gene - hcpC_1 hcpC_2 hcpC_3
[04:20:23] Fixed 2 duplicate /gene - yafQ_1 yafQ_2
[04:20:23] Fixed 2 duplicate /gene - ndhB_1 ndhB_2
[04:20:23] Fixed 2 duplicate /gene - moaA_1 moaA_2
[04:20:23] Fixed 2 duplicate /gene - ftsY_1 ftsY_2
[04:20:23] Fixed 2 duplicate /gene - trpC_1 trpC_2
[04:20:23] Fixed 2 duplicate /gene - ftsH_1 ftsH_2
[04:20:23] Fixed 2 duplicate /gene - mboIR_1 mboIR_2
[04:20:23] Fixed 2 duplicate /gene - flgG_1 flgG_2
[04:20:23] Fixed 2 duplicate /gene - copA_1 copA_2
[04:20:23] Fixed 4 duplicate /gene - topA_1 topA_2 topA_3 topA_4
[04:20:23] Fixed 2 duplicate /gene - folE_1 folE_2
[04:20:23] Fixed 2 duplicate /gene - dppC_1 dppC_2
[04:20:23] Fixed 2 duplicate /gene - rsxB_1 rsxB_2
[04:20:23] Fixed 2 duplicate /gene - fucT_1 fucT_2
[04:20:23] Fixed 3 duplicate /gene - prmC_1 prmC_2 prmC_3
[04:20:23] Fixed 4 duplicate /gene - btuB_1 btuB_2 btuB_3 btuB_4
[04:20:23] Fixed 2 duplicate /gene - pyrC_1 pyrC_2
[04:20:23] Fixed 2 duplicate /gene - der_1 der_2
[04:20:23] Fixed 3 duplicate /gene - xerH_1 xerH_2 xerH_3
[04:20:23] Fixed 2 duplicate /gene - atpG_1 atpG_2
[04:20:23] Fixed 2 duplicate /gene - fecA_1 fecA_2
[04:20:23] Fixed 2 duplicate /gene - exbD_1 exbD_2
[04:20:23] Fixed 3 duplicate /gene - cheV_1 cheV_2 cheV_3
[04:20:23] Fixed 2 duplicate /gene - mnmA_1 mnmA_2
[04:20:23] Fixed 2 duplicate /gene - nth_1 nth_2
[04:20:23] Fixed 2 duplicate /gene - atpD_1 atpD_2
[04:20:23] Fixed 3 duplicate /gene - tolQ_1 tolQ_2 tolQ_3
[04:20:23] Fixed 2 duplicate /gene - gltX1_1 gltX1_2
[04:20:23] Fixed 2 duplicate /gene - trxA_1 trxA_2
[04:20:23] Fixed 2 duplicate /gene - btuD_1 btuD_2
[04:20:23] Fixed 2 duplicate /gene - virB4_1 virB4_2
[04:20:23] Fixed 2 duplicate /gene - dpnA_1 dpnA_2
[04:20:23] Fixed 2 duplicate /gene - qseB_1 qseB_2
[04:20:23] Fixed 2 duplicate /gene - tcyB_1 tcyB_2
[04:20:23] Fixed 2 duplicate /gene - lldP_1 lldP_2
[04:20:23] Fixed 37 colliding /gene names.
[04:20:23] Adding /locus_tag identifiers
[04:20:23] Assigned 1545 locus_tags to CDS and RNA features.
[04:20:23] Writing outputs to /home/masom0b/ncbi_dataset/week_5/prokka_output_CDS/GCF_000008785.1_ASM878v1_genomic_prokka_output/
[04:20:23] Generating annotation statistics file
[04:20:23] Generating Genbank and Sequin files
[04:20:23] Running: tbl2asn -V b -a r10k -l paired-ends -M n -N 1 -y 'Annotated using prokka 1.14.6 from https://github.com/tseemann/prokka' -Z \/home\/masom0b\/ncbi_dataset\/week_5\/prokka_output_CDS\/GCF_000008785\.1_ASM878v1_genomic_prokka_output\/GCF_000008785\.1_ASM878v1_genomic\.err -i \/home\/masom0b\/ncbi_dataset\/week_5\/prokka_output_CDS\/GCF_000008785\.1_ASM878v1_genomic_prokka_output\/GCF_000008785\.1_ASM878v1_genomic\.fsa 2> /dev/null
[04:20:26] Deleting unwanted file: /home/masom0b/ncbi_dataset/week_5/prokka_output_CDS/GCF_000008785.1_ASM878v1_genomic_prokka_output/errorsummary.val
[04:20:26] Deleting unwanted file: /home/masom0b/ncbi_dataset/week_5/prokka_output_CDS/GCF_000008785.1_ASM878v1_genomic_prokka_output/GCF_000008785.1_ASM878v1_genomic.dr
[04:20:26] Deleting unwanted file: /home/masom0b/ncbi_dataset/week_5/prokka_output_CDS/GCF_000008785.1_ASM878v1_genomic_prokka_output/GCF_000008785.1_ASM878v1_genomic.fixedproducts
[04:20:26] Deleting unwanted file: /home/masom0b/ncbi_dataset/week_5/prokka_output_CDS/GCF_000008785.1_ASM878v1_genomic_prokka_output/GCF_000008785.1_ASM878v1_genomic.ecn
[04:20:26] Deleting unwanted file: /home/masom0b/ncbi_dataset/week_5/prokka_output_CDS/GCF_000008785.1_ASM878v1_genomic_prokka_output/GCF_000008785.1_ASM878v1_genomic.val
[04:20:26] Repairing broken .GBK output that tbl2asn produces...
[04:20:26] Running: sed 's/COORDINATES: profile/COORDINATES:profile/' < \/home\/masom0b\/ncbi_dataset\/week_5\/prokka_output_CDS\/GCF_000008785\.1_ASM878v1_genomic_prokka_output\/GCF_000008785\.1_ASM878v1_genomic\.gbf > \/home\/masom0b\/ncbi_dataset\/week_5\/prokka_output_CDS\/GCF_000008785\.1_ASM878v1_genomic_prokka_output\/GCF_000008785\.1_ASM878v1_genomic\.gbk
[04:20:26] Deleting unwanted file: /home/masom0b/ncbi_dataset/week_5/prokka_output_CDS/GCF_000008785.1_ASM878v1_genomic_prokka_output/GCF_000008785.1_ASM878v1_genomic.gbf
[04:20:26] Output files:
[04:20:26] /home/masom0b/ncbi_dataset/week_5/prokka_output_CDS/GCF_000008785.1_ASM878v1_genomic_prokka_output/GCF_000008785.1_ASM878v1_genomic.log
[04:20:26] /home/masom0b/ncbi_dataset/week_5/prokka_output_CDS/GCF_000008785.1_ASM878v1_genomic_prokka_output/GCF_000008785.1_ASM878v1_genomic.fna
[04:20:26] /home/masom0b/ncbi_dataset/week_5/prokka_output_CDS/GCF_000008785.1_ASM878v1_genomic_prokka_output/GCF_000008785.1_ASM878v1_genomic.gff
[04:20:26] /home/masom0b/ncbi_dataset/week_5/prokka_output_CDS/GCF_000008785.1_ASM878v1_genomic_prokka_output/GCF_000008785.1_ASM878v1_genomic.faa
[04:20:26] /home/masom0b/ncbi_dataset/week_5/prokka_output_CDS/GCF_000008785.1_ASM878v1_genomic_prokka_output/GCF_000008785.1_ASM878v1_genomic.ffn
[04:20:26] /home/masom0b/ncbi_dataset/week_5/prokka_output_CDS/GCF_000008785.1_ASM878v1_genomic_prokka_output/GCF_000008785.1_ASM878v1_genomic.tbl
[04:20:26] /home/masom0b/ncbi_dataset/week_5/prokka_output_CDS/GCF_000008785.1_ASM878v1_genomic_prokka_output/GCF_000008785.1_ASM878v1_genomic.fsa
[04:20:26] /home/masom0b/ncbi_dataset/week_5/prokka_output_CDS/GCF_000008785.1_ASM878v1_genomic_prokka_output/GCF_000008785.1_ASM878v1_genomic.tsv
[04:20:26] /home/masom0b/ncbi_dataset/week_5/prokka_output_CDS/GCF_000008785.1_ASM878v1_genomic_prokka_output/GCF_000008785.1_ASM878v1_genomic.txt
[04:20:26] /home/masom0b/ncbi_dataset/week_5/prokka_output_CDS/GCF_000008785.1_ASM878v1_genomic_prokka_output/GCF_000008785.1_ASM878v1_genomic.gbk
[04:20:26] /home/masom0b/ncbi_dataset/week_5/prokka_output_CDS/GCF_000008785.1_ASM878v1_genomic_prokka_output/GCF_000008785.1_ASM878v1_genomic.sqn
[04:20:26] /home/masom0b/ncbi_dataset/week_5/prokka_output_CDS/GCF_000008785.1_ASM878v1_genomic_prokka_output/GCF_000008785.1_ASM878v1_genomic.err
[04:20:26] Annotation finished successfully.
[04:20:26] Walltime used: 0.63 minutes
[04:20:26] If you use this result please cite the Prokka paper:
[04:20:26] Seemann T (2014) Prokka: rapid prokaryotic genome annotation. Bioinformatics. 30(14):2068-9.
[04:20:26] Type 'prokka --citation' for more details.
[04:20:26] Thank you, come again.
