[04:15:35] This is prokka 1.14.6
[04:15:35] Written by Torsten Seemann <torsten.seemann@gmail.com>
[04:15:35] Homepage is https://github.com/tseemann/prokka
[04:15:35] Local time is Sun Sep 29 04:15:35 2024
[04:15:35] You are masom0b
[04:15:35] Operating system is linux
[04:15:35] You have BioPerl 1.007002
[04:15:35] System has 40 cores.
[04:15:35] Will use maximum of 8 cores.
[04:15:35] Annotating as >>> Bacteria <<<
[04:15:35] Generating locus_tag from '/home/masom0b/ncbi_dataset/week_5/ncbi_dataset/data/GCF_000008545.1/GCF_000008545.1_ASM854v1_genomic.fna' contents.
[04:15:35] Setting --locustag JAOMGKNI from MD5 3a86047201a3d73d7288a1f91a292565
[04:15:35] Re-using existing --outdir /home/masom0b/ncbi_dataset/week_5/prokka_output_CDS/GCF_000008545.1_ASM854v1_genomic_prokka_output
[04:15:35] Using filename prefix: GCF_000008545.1_ASM854v1_genomic.XXX
[04:15:35] Setting HMMER_NCPU=1
[04:15:35] Writing log to: /home/masom0b/ncbi_dataset/week_5/prokka_output_CDS/GCF_000008545.1_ASM854v1_genomic_prokka_output/GCF_000008545.1_ASM854v1_genomic.log
[04:15:35] Command: /ibex/sw/csi/prokka/1.14.5/conda2/miniconda2/bin/prokka --outdir /home/masom0b/ncbi_dataset/week_5/prokka_output_CDS/GCF_000008545.1_ASM854v1_genomic_prokka_output --prefix GCF_000008545.1_ASM854v1_genomic --force /home/masom0b/ncbi_dataset/week_5/ncbi_dataset/data/GCF_000008545.1/GCF_000008545.1_ASM854v1_genomic.fna --quiet
[04:15:35] Appending to PATH: /ibex/sw/csi/prokka/1.14.5/conda2/miniconda2/bin
[04:15:35] Looking for 'aragorn' - found /ibex/sw/csi/prokka/1.14.5/conda2/miniconda2/bin/aragorn
[04:15:35] Determined aragorn version is 001002 from 'ARAGORN v1.2.38 Dean Laslett'
[04:15:35] Looking for 'barrnap' - found /ibex/sw/csi/prokka/1.14.5/conda2/miniconda2/bin/barrnap
[04:15:35] Determined barrnap version is 000009 from 'barrnap 0.9'
[04:15:35] Looking for 'blastp' - found /ibex/sw/csi/prokka/1.14.5/conda2/miniconda2/bin/blastp
[04:15:36] Determined blastp version is 002010 from 'blastp: 2.10.1+'
[04:15:36] Looking for 'cmpress' - found /ibex/sw/csi/prokka/1.14.5/conda2/miniconda2/bin/cmpress
[04:15:36] Determined cmpress version is 001001 from '# INFERNAL 1.1.3 (Nov 2019)'
[04:15:36] Looking for 'cmscan' - found /ibex/sw/csi/prokka/1.14.5/conda2/miniconda2/bin/cmscan
[04:15:36] Determined cmscan version is 001001 from '# INFERNAL 1.1.3 (Nov 2019)'
[04:15:36] Looking for 'egrep' - found /usr/bin/egrep
[04:15:36] Looking for 'find' - found /usr/bin/find
[04:15:36] Looking for 'grep' - found /usr/bin/grep
[04:15:36] Looking for 'hmmpress' - found /ibex/sw/csi/prokka/1.14.5/conda2/miniconda2/bin/hmmpress
[04:15:36] Determined hmmpress version is 003003 from '# HMMER 3.3.2 (Nov 2020); http://hmmer.org/'
[04:15:36] Looking for 'hmmscan' - found /ibex/sw/csi/prokka/1.14.5/conda2/miniconda2/bin/hmmscan
[04:15:36] Determined hmmscan version is 003003 from '# HMMER 3.3.2 (Nov 2020); http://hmmer.org/'
[04:15:36] Looking for 'java' - found /ibex/sw/csi/prokka/1.14.5/conda2/miniconda2/bin/java
[04:15:36] Looking for 'makeblastdb' - found /ibex/sw/csi/prokka/1.14.5/conda2/miniconda2/bin/makeblastdb
[04:15:36] Determined makeblastdb version is 002010 from 'makeblastdb: 2.10.1+'
[04:15:36] Looking for 'minced' - found /ibex/sw/csi/prokka/1.14.5/conda2/miniconda2/bin/minced
[04:15:36] Determined minced version is 004002 from 'minced 0.4.2'
[04:15:36] Looking for 'parallel' - found /ibex/sw/csi/prokka/1.14.5/conda2/miniconda2/bin/parallel
[04:15:36] Determined parallel version is 20201122 from 'GNU parallel 20201122'
[04:15:36] Looking for 'prodigal' - found /ibex/sw/rl9c/prodigal/2.6.3/rl9_gnu12.2.0/bin/prodigal
[04:15:36] Determined prodigal version is 002006 from 'Prodigal V2.6.3: February, 2016'
[04:15:36] Looking for 'prokka-genbank_to_fasta_db' - found /ibex/sw/csi/prokka/1.14.5/conda2/miniconda2/bin/prokka-genbank_to_fasta_db
[04:15:36] Looking for 'sed' - found /usr/bin/sed
[04:15:36] Looking for 'tbl2asn' - found /ibex/sw/csi/prokka/1.14.5/conda2/miniconda2/bin/tbl2asn
[04:15:36] Determined tbl2asn version is 025007 from 'tbl2asn 25.7   arguments:'
[04:15:36] Using genetic code table 11.
[04:15:36] Loading and checking input file: /home/masom0b/ncbi_dataset/week_5/ncbi_dataset/data/GCF_000008545.1/GCF_000008545.1_ASM854v1_genomic.fna
[04:15:36] Wrote 1 contigs totalling 1860725 bp.
[04:15:36] Predicting tRNAs and tmRNAs
[04:15:36] Running: aragorn -l -gc11  -w \/home\/masom0b\/ncbi_dataset\/week_5\/prokka_output_CDS\/GCF_000008545\.1_ASM854v1_genomic_prokka_output\/GCF_000008545\.1_ASM854v1_genomic\.fna
[04:15:36] 1 tRNA-Pro [150535,150611] 35 (tgg)
[04:15:36] 2 tRNA-Ile [190568,190644] 35 (gat)
[04:15:36] 3 tRNA-Ala [190650,190725] 34 (tgc)
[04:15:36] 4 tRNA-Ala [202305,202380] 34 (cgc)
[04:15:36] 5 tRNA-Arg c[206149,206225] 35 (tcg)
[04:15:36] 6 tRNA-His c[206231,206306] 34 (gtg)
[04:15:36] 7 tRNA-Arg c[206318,206394] 35 (tct)
[04:15:36] 8 tRNA-Gly c[206406,206481] 34 (tcc)
[04:15:36] 9 tRNA-Ser [208033,208122] 35 (gct)
[04:15:36] 10 tRNA-Arg [208136,208212] 35 (gcg)
[04:15:36] 11 tRNA-Thr [348405,348481] 35 (ggt)
[04:15:36] 12 tRNA-Gln c[419265,419338] 33 (ctg)
[04:15:36] 13 tRNA-Met [473921,473996] 34 (cat)
[04:15:36] 14 tRNA-Met [474103,474175] 34 (cat)
[04:15:36] 15 tRNA-Thr [474199,474274] 34 (tgt)
[04:15:36] 16 tRNA-Tyr [474284,474370] 35 (gta)
[04:15:36] 17 tRNA-Trp [474550,474625] 34 (cca)
[04:15:36] 18 tRNA-Ser c[502658,502746] 35 (tga)
[04:15:36] 19 tRNA-Gly c[510805,510879] 33 (gcc)
[04:15:36] 20 tRNA-Leu c[510891,510977] 35 (tag)
[04:15:36] 21 tRNA-Lys c[510983,511058] 34 (ttt)
[04:15:36] 22 tmRNA [531684,532039] 92,124 ANEPVAVAA**
[04:15:36] 23 tRNA-Thr [611420,611495] 34 (cgt)
[04:15:36] 24 tRNA-Gln [774349,774422] 33 (ttg)
[04:15:36] 25 tRNA-Leu [842924,843010] 35 (cag)
[04:15:36] 26 tRNA-Ser [846293,846381] 35 (cga)
[04:15:36] 27 tRNA-Leu [877160,877246] 34 (caa)
[04:15:36] 28 tRNA-Asn [1204148,1204223] 34 (gtt)
[04:15:36] 29 tRNA-Pro [1268745,1268821] 35 (cgg)
[04:15:36] 30 tRNA-Met c[1362212,1362288] 35 (cat)
[04:15:36] 31 tRNA-Gly [1362394,1362469] 34 (ccc)
[04:15:36] 32 tRNA-Leu c[1385634,1385723] 35 (taa)
[04:15:36] 33 tRNA-Cys [1392381,1392457] 35 (gca)
[04:15:36] 34 tRNA-Val c[1403832,1403906] 33 (gac)
[04:15:36] 35 tRNA-Leu [1404045,1404131] 35 (gag)
[04:15:36] 36 tRNA-Val c[1430935,1431009] 33 (cac)
[04:15:36] 37 tRNA-Arg c[1536804,1536879] 34 (ccg)
[04:15:36] 38 tRNA-Val [1576913,1576987] 33 (tac)
[04:15:36] 39 tRNA-Phe [1577000,1577075] 34 (gaa)
[04:15:36] 40 tRNA-Ala [1580343,1580418] 34 (ggc)
[04:15:36] 41 tRNA-Arg [1580425,1580499] 34 (cct)
[04:15:36] 42 tRNA-Lys [1580521,1580596] 34 (ctt)
[04:15:36] 43 tRNA-Glu c[1656000,1656074] 34 (ctc)
[04:15:36] 44 tRNA-Pro [1656226,1656302] 35 (ggg)
[04:15:36] 45 tRNA-Asp [1736473,1736550] 36 (gtc)
[04:15:36] 46 tRNA-Ser c[1755585,1755675] 35 (gga)
[04:15:36] 47 tRNA-Glu [1764027,1764102] 35 (ttc)
[04:15:36] Found 47 tRNAs
[04:15:36] Predicting Ribosomal RNAs
[04:15:36] Running Barrnap with 8 threads
[04:15:37] 1 NC_000853.1 188970 16S ribosomal RNA
[04:15:37] 2 NC_000853.1 190768 23S ribosomal RNA
[04:15:37] 3 NC_000853.1 193834 5S ribosomal RNA
[04:15:37] Found 3 rRNAs
[04:15:37] Skipping ncRNA search, enable with --rfam if desired.
[04:15:37] Total of 49 tRNA + rRNA features
[04:15:37] Searching for CRISPR repeats
[04:15:37] CRISPR1 NC_000853.1 412 with 41 spacers
[04:15:37] CRISPR2 NC_000853.1 369170 with 9 spacers
[04:15:37] CRISPR3 NC_000853.1 396568 with 9 spacers
[04:15:37] CRISPR4 NC_000853.1 409295 with 25 spacers
[04:15:37] CRISPR5 NC_000853.1 1519912 with 9 spacers
[04:15:37] CRISPR6 NC_000853.1 1631789 with 4 spacers
[04:15:37] CRISPR7 NC_000853.1 1779875 with 13 spacers
[04:15:37] Found 7 CRISPRs
[04:15:37] Predicting coding sequences
[04:15:37] Contigs total 1860725 bp, so using single mode
[04:15:37] Running: prodigal -i \/home\/masom0b\/ncbi_dataset\/week_5\/prokka_output_CDS\/GCF_000008545\.1_ASM854v1_genomic_prokka_output\/GCF_000008545\.1_ASM854v1_genomic\.fna -c -m -g 11 -p single -f sco -q
[04:15:41] Excluding CDS which overlaps existing RNA (tRNA) at NC_000853.1:208147..209013 on - strand
[04:15:41] Excluding CDS which overlaps existing RNA (tRNA) at NC_000853.1:348437..349441 on + strand
[04:15:41] Excluding CDS which overlaps existing RNA (tRNA) at NC_000853.1:502096..502713 on - strand
[04:15:42] Excluding CDS which overlaps existing RNA (repeat_region) at NC_000853.1:1520400..1521386 on + strand
[04:15:42] Excluding CDS which overlaps existing RNA (tRNA) at NC_000853.1:1536870..1537490 on - strand
[04:15:42] Found 1861 CDS
[04:15:42] Connecting features back to sequences
[04:15:42] Not using genus-specific database. Try --usegenus to enable it.
[04:15:42] Annotating CDS, please be patient.
[04:15:42] Will use 8 CPUs for similarity searching.
[04:15:42] There are still 1861 unannotated CDS left (started with 1861)
[04:15:42] Will use blast to search against /ibex/sw/csi/prokka/1.14.5/conda2/miniconda2/db/kingdom/Bacteria/IS with 8 CPUs
[04:15:42] Running: cat \/home\/masom0b\/ncbi_dataset\/week_5\/prokka_output_CDS\/GCF_000008545\.1_ASM854v1_genomic_prokka_output\/GCF_000008545\.1_ASM854v1_genomic\.IS\.tmp\.8516\.faa | parallel --gnu --plain -j 8 --block 37537 --recstart '>' --pipe blastp -query - -db /ibex/sw/csi/prokka/1.14.5/conda2/miniconda2/db/kingdom/Bacteria/IS -evalue 1e-30 -qcov_hsp_perc 90 -num_threads 1 -num_descriptions 1 -num_alignments 1 -seg no > \/home\/masom0b\/ncbi_dataset\/week_5\/prokka_output_CDS\/GCF_000008545\.1_ASM854v1_genomic_prokka_output\/GCF_000008545\.1_ASM854v1_genomic\.IS\.tmp\.8516\.blast 2> /dev/null
[04:15:47] Deleting unwanted file: /home/masom0b/ncbi_dataset/week_5/prokka_output_CDS/GCF_000008545.1_ASM854v1_genomic_prokka_output/GCF_000008545.1_ASM854v1_genomic.IS.tmp.8516.faa
[04:15:47] Deleting unwanted file: /home/masom0b/ncbi_dataset/week_5/prokka_output_CDS/GCF_000008545.1_ASM854v1_genomic_prokka_output/GCF_000008545.1_ASM854v1_genomic.IS.tmp.8516.blast
[04:15:48] There are still 1857 unannotated CDS left (started with 1861)
[04:15:48] Will use blast to search against /ibex/sw/csi/prokka/1.14.5/conda2/miniconda2/db/kingdom/Bacteria/AMR with 8 CPUs
[04:15:48] Running: cat \/home\/masom0b\/ncbi_dataset\/week_5\/prokka_output_CDS\/GCF_000008545\.1_ASM854v1_genomic_prokka_output\/GCF_000008545\.1_ASM854v1_genomic\.AMR\.tmp\.8516\.faa | parallel --gnu --plain -j 8 --block 37459 --recstart '>' --pipe blastp -query - -db /ibex/sw/csi/prokka/1.14.5/conda2/miniconda2/db/kingdom/Bacteria/AMR -evalue 9.99999999999999e-301 -qcov_hsp_perc 90 -num_threads 1 -num_descriptions 1 -num_alignments 1 -seg no > \/home\/masom0b\/ncbi_dataset\/week_5\/prokka_output_CDS\/GCF_000008545\.1_ASM854v1_genomic_prokka_output\/GCF_000008545\.1_ASM854v1_genomic\.AMR\.tmp\.8516\.blast 2> /dev/null
[04:15:52] Deleting unwanted file: /home/masom0b/ncbi_dataset/week_5/prokka_output_CDS/GCF_000008545.1_ASM854v1_genomic_prokka_output/GCF_000008545.1_ASM854v1_genomic.AMR.tmp.8516.faa
[04:15:52] Deleting unwanted file: /home/masom0b/ncbi_dataset/week_5/prokka_output_CDS/GCF_000008545.1_ASM854v1_genomic_prokka_output/GCF_000008545.1_ASM854v1_genomic.AMR.tmp.8516.blast
[04:15:52] There are still 1857 unannotated CDS left (started with 1861)
[04:15:52] Will use blast to search against /ibex/sw/csi/prokka/1.14.5/conda2/miniconda2/db/kingdom/Bacteria/sprot with 8 CPUs
[04:15:52] Running: cat \/home\/masom0b\/ncbi_dataset\/week_5\/prokka_output_CDS\/GCF_000008545\.1_ASM854v1_genomic_prokka_output\/GCF_000008545\.1_ASM854v1_genomic\.sprot\.tmp\.8516\.faa | parallel --gnu --plain -j 8 --block 37459 --recstart '>' --pipe blastp -query - -db /ibex/sw/csi/prokka/1.14.5/conda2/miniconda2/db/kingdom/Bacteria/sprot -evalue 1e-09 -qcov_hsp_perc 80 -num_threads 1 -num_descriptions 1 -num_alignments 1 -seg no > \/home\/masom0b\/ncbi_dataset\/week_5\/prokka_output_CDS\/GCF_000008545\.1_ASM854v1_genomic_prokka_output\/GCF_000008545\.1_ASM854v1_genomic\.sprot\.tmp\.8516\.blast 2> /dev/null
[04:16:12] Modify product: Probable multidrug ABC transporter ATP-binding protein YbhF => putative multidrug ABC transporter ATP-binding protein YbhF
[04:16:12] Modify product: Probable 2-phosphosulfolactate phosphatase => putative 2-phosphosulfolactate phosphatase
[04:16:12] Modify product: Probable undecaprenyl-phosphate N-acetylglucosaminyl 1-phosphate transferase => putative undecaprenyl-phosphate N-acetylglucosaminyl 1-phosphate transferase
[04:16:12] Modify product: Probable FMN/FAD exporter YeeO => putative FMN/FAD exporter YeeO
[04:16:12] Modify product: Probable branched-chain-amino-acid aminotransferase => putative branched-chain-amino-acid aminotransferase
[04:16:12] Modify product: UPF0053 protein Rv2366c => hypothetical protein
[04:16:12] Modify product: Uncharacterized protein YqeH => putative protein YqeH
[04:16:12] Modify product: Uncharacterized protein Rv1488 => putative protein
[04:16:12] Modify product: Probable amino-acid metabolite efflux pump => putative amino-acid metabolite efflux pump
[04:16:12] Modify product: Uncharacterized metal-dependent hydrolase YcfH => putative metal-dependent hydrolase YcfH
[04:16:12] Modify product: Nucleoid-associated protein Cthe_2143 => Nucleoid-associated protein
[04:16:12] Modify product: Uncharacterized protein YqeY => putative protein YqeY
[04:16:12] Modify product: Uncharacterized ABC transporter ATP-binding protein YknY => putative ABC transporter ATP-binding protein YknY
[04:16:12] Modify product: Probable CtpA-like serine protease => putative CtpA-like serine protease
[04:16:12] Modify product: UPF0145 protein BCE33L0904 => hypothetical protein
[04:16:12] Modify product: Probable transcriptional regulatory protein aq_1575 => putative transcriptional regulatory protein
[04:16:12] Modify product: Probable ABC transporter-binding protein DR_1571 => putative ABC transporter-binding protein
[04:16:12] Modify product: Uncharacterized membrane protein YdfK => putative membrane protein YdfK
[04:16:12] Modify product: Probable peptidoglycan glycosyltransferase FtsW => putative peptidoglycan glycosyltransferase FtsW
[04:16:12] Modify product: UPF0111 protein HI_1603 => hypothetical protein
[04:16:13] Modify product: Uncharacterized ABC transporter ATP-binding protein Rv1273c => putative ABC transporter ATP-binding protein
[04:16:13] Modify product: Uncharacterized ABC transporter ATP-binding protein TM_0288 => putative ABC transporter ATP-binding protein
[04:16:13] Modify product: Putative peptide transport permease protein Rv1282c => Putative peptide transport permease protein
[04:16:13] Modify product: Probable copper-importing P-type ATPase A => putative copper-importing P-type ATPase A
[04:16:13] Modify product: Uncharacterized HTH-type transcriptional regulator YbbH => putative HTH-type transcriptional regulator YbbH
[04:16:13] Modify product: Uncharacterized protein Rv1829 => putative protein
[04:16:13] Modify product: Cyclic di-GMP phosphodiesterase TM_0186 => Cyclic di-GMP phosphodiesterase
[04:16:13] Modify product: S-adenosyl-L-methionine-binding protein RPA0152 => S-adenosyl-L-methionine-binding protein
[04:16:13] Modify product: Uncharacterized protein HI_1472 => putative protein
[04:16:13] Modify product: Probable iron export permease protein FetB => putative iron export permease protein FetB
[04:16:13] Modify product: Probable glycine dehydrogenase (decarboxylating) subunit 1 => putative glycine dehydrogenase (decarboxylating) subunit 1
[04:16:13] Modify product: Probable glycine dehydrogenase (decarboxylating) subunit 2 => putative glycine dehydrogenase (decarboxylating) subunit 2
[04:16:13] Modify product: Probable ATP synthase YscN => putative ATP synthase YscN
[04:16:13] Modify product: Uncharacterized ABC transporter ATP-binding protein YknY => putative ABC transporter ATP-binding protein YknY
[04:16:13] Modify product: Probable endonuclease 4 => putative endonuclease 4
[04:16:13] Modify product: Rqc2 homolog RqcH => Rqc2 RqcH
[04:16:13] Modify product: Probable M18 family aminopeptidase 1 => putative M18 family aminopeptidase 1
[04:16:13] Modify product: Uncharacterized protein M6_Spy0233 => putative protein
[04:16:13] Modify product: Probable membrane transporter protein YfcA => putative membrane transporter protein YfcA
[04:16:13] Modify product: UPF0166 protein TM_0021 => hypothetical protein
[04:16:13] Modify product: Uncharacterized ABC transporter ATP-binding protein TM_0288 => putative ABC transporter ATP-binding protein
[04:16:13] Modify product: Putative peptide transport permease protein Rv1282c => Putative peptide transport permease protein
[04:16:13] Modify product: Probable nicotinate-nucleotide adenylyltransferase => putative nicotinate-nucleotide adenylyltransferase
[04:16:13] Modify product: Probable riboflavin import permease protein RfuD => putative riboflavin import permease protein RfuD
[04:16:13] Modify product: UPF0111 protein HI_1603 => hypothetical protein
[04:16:13] Modify product: Uncharacterized transporter Rv2685 => putative transporter
[04:16:13] Modify product: UPF0394 inner membrane protein YeeE => hypothetical protein
[04:16:13] Modify product: Putative sulfur carrier protein TM_0983 => Putative sulfur carrier protein
[04:16:13] Modify product: Uncharacterized oxidoreductase YtbE => putative oxidoreductase YtbE
[04:16:13] Modify product: Multidrug efflux system ATP-binding protein Rv1218c => Multidrug efflux system ATP-binding protein
[04:16:13] Modify product: Uncharacterized transporter Rv2685 => putative transporter
[04:16:13] Modify product: Probable septum site-determining protein MinC => putative septum site-determining protein MinC
[04:16:13] Modify product: Putative anti-sigma factor antagonist TM_1081 => Putative anti-sigma factor antagonist
[04:16:13] Modify product: Leu/Ile/Val-binding protein homolog 3 => Leu/Ile/Val-binding protein 
[04:16:13] Modify product: UPF0758 protein YsxA => hypothetical protein
[04:16:13] Modify product: Uncharacterized protein TM_1570 => putative protein
[04:16:13] Modify product: Probable transcription repressor NiaR => putative transcription repressor NiaR
[04:16:13] Modify product: DegV domain-containing protein MW1315 => DegV domain-containing protein
[04:16:13] Modify product: UPF0047 protein Rv2556c => hypothetical protein
[04:16:13] Modify product: Cyclic di-GMP phosphodiesterase TM_0186 => Cyclic di-GMP phosphodiesterase
[04:16:13] Modify product: Probable D,D-dipeptide transport system permease protein DdpC => putative D,D-dipeptide transport system permease protein DdpC
[04:16:13] Modify product: UPF0173 metal-dependent hydrolase TM_1162 => hypothetical protein
[04:16:13] Modify product: Putative peptide transport permease protein Rv1282c => Putative peptide transport permease protein
[04:16:13] Modify product: Uncharacterized protein TM_1410 => putative protein
[04:16:13] Modify product: Protein TM_1420 => Protein
[04:16:13] Modify product: Uncharacterized protein YgcP => putative protein YgcP
[04:16:13] Modify product: Uncharacterized protein YgcP => putative protein YgcP
[04:16:13] Modify product: 1,4-alpha-glucan branching enzyme TTHA1902 => 1,4-alpha-glucan branching enzyme
[04:16:13] Modify product: 1,4-alpha-glucan branching enzyme TTHA1902 => 1,4-alpha-glucan branching enzyme
[04:16:13] Modify product: Putative anti-sigma factor antagonist TM_1442 => Putative anti-sigma factor antagonist
[04:16:13] Modify product: Probable GTP-binding protein EngB => putative GTP-binding protein EngB
[04:16:13] Modify product: Fatty acid-binding protein TM_1468 => Fatty acid-binding protein
[04:16:13] Modify product: Bifunctional protein FolD => Bifunctional protein FolD protein
[04:16:13] Modify product: Uncharacterized protein SA1069 => putative protein
[04:16:13] Modify product: Probable chromate transport protein => putative chromate transport protein
[04:16:13] Modify product: Probable N-glycosylase/DNA lyase => putative N-glycosylase/DNA lyase
[04:16:13] Modify product: Phosphorylated carbohydrates phosphatase TM_1254 => Phosphorylated carbohydrates phosphatase
[04:16:13] Modify product: Probable multidrug resistance ABC transporter ATP-binding/permease protein YheI => putative multidrug resistance ABC transporter ATP-binding/permease protein YheI
[04:16:13] Modify product: Phosphate-specific transport system accessory protein PhoU homolog => Phosphate-specific transport system accessory protein PhoU 
[04:16:13] Modify product: Uncharacterized protein Rv2003c => putative protein
[04:16:13] Modify product: Putative multidrug export ATP-binding/permease protein SAV1866 => Putative multidrug export ATP-binding/permease protein
[04:16:13] Modify product: Putative multidrug export ATP-binding/permease protein SAV1866 => Putative multidrug export ATP-binding/permease protein
[04:16:13] Modify product: Uncharacterized zinc protease Rv2782c => putative zinc protease
[04:16:13] Modify product: UPF0051 protein SA0778 => hypothetical protein
[04:16:13] Modify product: Probable cysteine desulfurase => putative cysteine desulfurase
[04:16:13] Modify product: Probable DNA double-strand break repair Rad50 ATPase => putative DNA double-strand break repair Rad50 ATPase
[04:16:13] Modify product: Dihydroorotate dehydrogenase B (NAD(+)), electron transfer subunit homolog => Dihydroorotate dehydrogenase B (NAD(+)), electron transfer subunit 
[04:16:13] Modify product: Probable nicotinate-nucleotide pyrophosphorylase [carboxylating] => putative nicotinate-nucleotide pyrophosphorylase [carboxylating]
[04:16:13] Modify product: UPF0701 protein HI_0467 => hypothetical protein
[04:16:13] Modify product: Probable tRNA sulfurtransferase => putative tRNA sulfurtransferase
[04:16:13] Modify product: Probable cell division protein WhiA => putative cell division protein WhiA
[04:16:13] Modify product: Nucleotide-binding protein SA0720 => Nucleotide-binding protein
[04:16:13] Modify product: Probable dual-specificity RNA methyltransferase RlmN => putative dual-specificity RNA methyltransferase RlmN
[04:16:13] Modify product: Acetyltransferase SACOL1063 => Acetyltransferase
[04:16:13] Modify product: Phosphate-specific transport system accessory protein PhoU homolog 2 => Phosphate-specific transport system accessory protein PhoU 
[04:16:13] Modify product: Probable butyrate kinase 2 => putative butyrate kinase 2
[04:16:13] Modify product: Probable butyrate kinase 2 => putative butyrate kinase 2
[04:16:13] Cleaned 97 /product names
[04:16:13] Deleting unwanted file: /home/masom0b/ncbi_dataset/week_5/prokka_output_CDS/GCF_000008545.1_ASM854v1_genomic_prokka_output/GCF_000008545.1_ASM854v1_genomic.sprot.tmp.8516.faa
[04:16:13] Deleting unwanted file: /home/masom0b/ncbi_dataset/week_5/prokka_output_CDS/GCF_000008545.1_ASM854v1_genomic_prokka_output/GCF_000008545.1_ASM854v1_genomic.sprot.tmp.8516.blast
[04:16:14] There are still 823 unannotated CDS left (started with 1861)
[04:16:14] Will use hmmer3 to search against /ibex/sw/csi/prokka/1.14.5/conda2/miniconda2/db/hmm/HAMAP.hmm with 8 CPUs
[04:16:14] Running: cat \/home\/masom0b\/ncbi_dataset\/week_5\/prokka_output_CDS\/GCF_000008545\.1_ASM854v1_genomic_prokka_output\/GCF_000008545\.1_ASM854v1_genomic\.HAMAP\.hmm\.tmp\.8516\.faa | parallel --gnu --plain -j 8 --block 15925 --recstart '>' --pipe hmmscan --noali --notextw --acc -E 1e-09 --cpu 1 /ibex/sw/csi/prokka/1.14.5/conda2/miniconda2/db/hmm/HAMAP.hmm /dev/stdin > \/home\/masom0b\/ncbi_dataset\/week_5\/prokka_output_CDS\/GCF_000008545\.1_ASM854v1_genomic_prokka_output\/GCF_000008545\.1_ASM854v1_genomic\.HAMAP\.hmm\.tmp\.8516\.hmmer3 2> /dev/null
[04:16:18] Deleting unwanted file: /home/masom0b/ncbi_dataset/week_5/prokka_output_CDS/GCF_000008545.1_ASM854v1_genomic_prokka_output/GCF_000008545.1_ASM854v1_genomic.HAMAP.hmm.tmp.8516.faa
[04:16:18] Deleting unwanted file: /home/masom0b/ncbi_dataset/week_5/prokka_output_CDS/GCF_000008545.1_ASM854v1_genomic_prokka_output/GCF_000008545.1_ASM854v1_genomic.HAMAP.hmm.tmp.8516.hmmer3
[04:16:18] Labelling remaining 664 proteins as 'hypothetical protein'
[04:16:18] Possible /pseudo 'NADP-reducing hydrogenase subunit HndA' at NC_000853.1 position 241714
[04:16:18] Possible /pseudo 'Glucose-1-phosphate adenylyltransferase' at NC_000853.1 position 255144
[04:16:18] Possible /pseudo '3'-5' exoribonuclease YhaM' at NC_000853.1 position 266630
[04:16:18] Possible /pseudo 'putative ABC transporter ATP-binding protein' at NC_000853.1 position 304876
[04:16:18] Possible /pseudo 'Glycerol-3-phosphate dehydrogenase [NAD(P)+]' at NC_000853.1 position 397878
[04:16:18] Possible /pseudo 'Inositol 2-dehydrogenase/D-chiro-inositol 3-dehydrogenase' at NC_000853.1 position 444038
[04:16:18] Possible /pseudo 'D-inositol-3-phosphate glycosyltransferase' at NC_000853.1 position 657840
[04:16:18] Possible /pseudo 'IS200/IS605 family transposase ISTma1' at NC_000853.1 position 1021220
[04:16:18] Possible /pseudo 'Putative aminopeptidase YsdC' at NC_000853.1 position 1064625
[04:16:18] Possible /pseudo 'Putative aminopeptidase YsdC' at NC_000853.1 position 1065641
[04:16:18] Possible /pseudo 'Oligopeptide transport ATP-binding protein OppD' at NC_000853.1 position 1166006
[04:16:18] Possible /pseudo 'Glycogen phosphorylase' at NC_000853.1 position 1183460
[04:16:18] Possible /pseudo 'Iron-sulfur cluster carrier protein' at NC_000853.1 position 1318205
[04:16:18] Possible /pseudo 'GTP 3',8-cyclase' at NC_000853.1 position 1344734
[04:16:18] Possible /pseudo 'Bifunctional IPC transferase and DIPP synthase' at NC_000853.1 position 1433370
[04:16:18] Possible /pseudo '1,4-alpha-glucan branching enzyme' at NC_000853.1 position 1453974
[04:16:18] Possible /pseudo 'Flagellar basal-body rod protein FlgG' at NC_000853.1 position 1534973
[04:16:18] Possible /pseudo 'Argininosuccinate lyase' at NC_000853.1 position 1757542
[04:16:18] Found 929 unique /gene codes.
[04:16:18] Fixed 2 duplicate /gene - ygcP_1 ygcP_2
[04:16:18] Fixed 2 duplicate /gene - purF_1 purF_2
[04:16:18] Fixed 2 duplicate /gene - hmuU_1 hmuU_2
[04:16:18] Fixed 2 duplicate /gene - pyrH_1 pyrH_2
[04:16:18] Fixed 2 duplicate /gene - flgG_1 flgG_2
[04:16:18] Fixed 2 duplicate /gene - bacC_1 bacC_2
[04:16:18] Fixed 7 duplicate /gene - moaA_1 moaA_2 moaA_3 moaA_4 moaA_5 moaA_6 moaA_7
[04:16:18] Fixed 2 duplicate /gene - trpB_1 trpB_2
[04:16:18] Fixed 3 duplicate /gene - smc_1 smc_2 smc_3
[04:16:18] Fixed 2 duplicate /gene - axeA_1 axeA_2
[04:16:18] Fixed 2 duplicate /gene - cymR_1 cymR_2
[04:16:18] Fixed 7 duplicate /gene - oppF_1 oppF_2 oppF_3 oppF_4 oppF_5 oppF_6 oppF_7
[04:16:18] Fixed 2 duplicate /gene - buk2_1 buk2_2
[04:16:18] Fixed 3 duplicate /gene - rny_1 rny_2 rny_3
[04:16:18] Fixed 2 duplicate /gene - ndhB_1 ndhB_2
[04:16:18] Fixed 3 duplicate /gene - miaB_1 miaB_2 miaB_3
[04:16:18] Fixed 2 duplicate /gene - entS_1 entS_2
[04:16:18] Fixed 2 duplicate /gene - sugB_1 sugB_2
[04:16:18] Fixed 2 duplicate /gene - rbsC_1 rbsC_2
[04:16:18] Fixed 3 duplicate /gene - pnp_1 pnp_2 pnp_3
[04:16:18] Fixed 2 duplicate /gene - lacF_1 lacF_2
[04:16:18] Fixed 4 duplicate /gene - sasA_1 sasA_2 sasA_3 sasA_4
[04:16:18] Fixed 2 duplicate /gene - ruvB_1 ruvB_2
[04:16:18] Fixed 3 duplicate /gene - COQ5_1 COQ5_2 COQ5_3
[04:16:18] Fixed 4 duplicate /gene - mshA_1 mshA_2 mshA_3 mshA_4
[04:16:18] Fixed 2 duplicate /gene - phoP_1 phoP_2
[04:16:18] Fixed 2 duplicate /gene - der_1 der_2
[04:16:18] Fixed 2 duplicate /gene - sufC_1 sufC_2
[04:16:18] Fixed 2 duplicate /gene - purR_1 purR_2
[04:16:18] Fixed 3 duplicate /gene - spoVS_1 spoVS_2 spoVS_3
[04:16:18] Fixed 2 duplicate /gene - cheW_1 cheW_2
[04:16:18] Fixed 3 duplicate /gene - mcp1_1 mcp1_2 mcp1_3
[04:16:18] Fixed 3 duplicate /gene - natA_1 natA_2 natA_3
[04:16:18] Fixed 2 duplicate /gene - spoIIAB_1 spoIIAB_2
[04:16:18] Fixed 2 duplicate /gene - dppA_1 dppA_2
[04:16:18] Fixed 3 duplicate /gene - araQ_1 araQ_2 araQ_3
[04:16:18] Fixed 2 duplicate /gene - rsxC_1 rsxC_2
[04:16:18] Fixed 2 duplicate /gene - oppB_1 oppB_2
[04:16:18] Fixed 3 duplicate /gene - ndhI_1 ndhI_2 ndhI_3
[04:16:18] Fixed 2 duplicate /gene - dxs_1 dxs_2
[04:16:18] Fixed 2 duplicate /gene - omp-alpha_1 omp-alpha_2
[04:16:18] Fixed 2 duplicate /gene - rlmN_1 rlmN_2
[04:16:18] Fixed 2 duplicate /gene - fur_1 fur_2
[04:16:18] Fixed 2 duplicate /gene - hndD_1 hndD_2
[04:16:18] Fixed 2 duplicate /gene - argH_1 argH_2
[04:16:18] Fixed 11 duplicate /gene - oppD_1 oppD_2 oppD_3 oppD_4 oppD_5 oppD_6 oppD_7 oppD_8 oppD_9 oppD_10 oppD_11
[04:16:18] Fixed 2 duplicate /gene - glgP_1 glgP_2
[04:16:18] Fixed 4 duplicate /gene - aglA_1 aglA_2 aglA_3 aglA_4
[04:16:18] Fixed 2 duplicate /gene - glmS_1 glmS_2
[04:16:18] Fixed 2 duplicate /gene - pyrC_1 pyrC_2
[04:16:18] Fixed 2 duplicate /gene - IMPDH_1 IMPDH_2
[04:16:18] Fixed 2 duplicate /gene - nadE_1 nadE_2
[04:16:18] Fixed 2 duplicate /gene - melD_1 melD_2
[04:16:18] Fixed 2 duplicate /gene - gpsA_1 gpsA_2
[04:16:18] Fixed 3 duplicate /gene - iolG_1 iolG_2 iolG_3
[04:16:18] Fixed 2 duplicate /gene - glgC_1 glgC_2
[04:16:18] Fixed 2 duplicate /gene - trxB_1 trxB_2
[04:16:18] Fixed 2 duplicate /gene - polC_1 polC_2
[04:16:18] Fixed 2 duplicate /gene - galT_1 galT_2
[04:16:18] Fixed 4 duplicate /gene - rsxB_1 rsxB_2 rsxB_3 rsxB_4
[04:16:18] Fixed 4 duplicate /gene - gsiC_1 gsiC_2 gsiC_3 gsiC_4
[04:16:18] Fixed 5 duplicate /gene - btuD_1 btuD_2 btuD_3 btuD_4 btuD_5
[04:16:18] Fixed 2 duplicate /gene - sugA_1 sugA_2
[04:16:18] Fixed 3 duplicate /gene - xylB_1 xylB_2 xylB_3
[04:16:18] Fixed 2 duplicate /gene - mazG_1 mazG_2
[04:16:18] Fixed 3 duplicate /gene - nagC_1 nagC_2 nagC_3
[04:16:18] Fixed 2 duplicate /gene - fusA_1 fusA_2
[04:16:18] Fixed 3 duplicate /gene - ysdC_1 ysdC_2 ysdC_3
[04:16:18] Fixed 3 duplicate /gene - lnrL_1 lnrL_2 lnrL_3
[04:16:18] Fixed 4 duplicate /gene - dppB_1 dppB_2 dppB_3 dppB_4
[04:16:18] Fixed 3 duplicate /gene - agpA_1 agpA_2 agpA_3
[04:16:18] Fixed 2 duplicate /gene - atpD_1 atpD_2
[04:16:18] Fixed 2 duplicate /gene - lacZ_1 lacZ_2
[04:16:18] Fixed 2 duplicate /gene - msmX_1 msmX_2
[04:16:18] Fixed 2 duplicate /gene - malE_1 malE_2
[04:16:18] Fixed 2 duplicate /gene - padE_1 padE_2
[04:16:18] Fixed 2 duplicate /gene - lptB_1 lptB_2
[04:16:18] Fixed 2 duplicate /gene - ftsA_1 ftsA_2
[04:16:18] Fixed 2 duplicate /gene - cheB_1 cheB_2
[04:16:18] Fixed 2 duplicate /gene - nth_1 nth_2
[04:16:18] Fixed 2 duplicate /gene - rbsA_1 rbsA_2
[04:16:18] Fixed 2 duplicate /gene - degA_1 degA_2
[04:16:18] Fixed 2 duplicate /gene - DmdB_1 DmdB_2
[04:16:18] Fixed 2 duplicate /gene - rsmC_1 rsmC_2
[04:16:18] Fixed 2 duplicate /gene - flhB_1 flhB_2
[04:16:18] Fixed 2 duplicate /gene - dnaJ_1 dnaJ_2
[04:16:18] Fixed 2 duplicate /gene - punA_1 punA_2
[04:16:18] Fixed 2 duplicate /gene - pta_1 pta_2
[04:16:18] Fixed 2 duplicate /gene - oppC_1 oppC_2
[04:16:18] Fixed 2 duplicate /gene - alaS_1 alaS_2
[04:16:18] Fixed 2 duplicate /gene - spsI_1 spsI_2
[04:16:18] Fixed 2 duplicate /gene - gloB_1 gloB_2
[04:16:18] Fixed 2 duplicate /gene - yknY_1 yknY_2
[04:16:18] Fixed 2 duplicate /gene - lptD_1 lptD_2
[04:16:18] Fixed 2 duplicate /gene - csp_1 csp_2
[04:16:18] Fixed 3 duplicate /gene - clpC_1 clpC_2 clpC_3
[04:16:18] Fixed 2 duplicate /gene - cheC_1 cheC_2
[04:16:18] Fixed 2 duplicate /gene - glpK_1 glpK_2
[04:16:18] Fixed 2 duplicate /gene - hisC_1 hisC_2
[04:16:18] Fixed 4 duplicate /gene - hndA_1 hndA_2 hndA_3 hndA_4
[04:16:18] Fixed 2 duplicate /gene - uvrB_1 uvrB_2
[04:16:18] Fixed 2 duplicate /gene - fabG_1 fabG_2
[04:16:18] Fixed 2 duplicate /gene - korA_1 korA_2
[04:16:18] Fixed 2 duplicate /gene - acpP_1 acpP_2
[04:16:18] Fixed 2 duplicate /gene - yhaM_1 yhaM_2
[04:16:18] Fixed 2 duplicate /gene - iolS_1 iolS_2
[04:16:18] Fixed 2 duplicate /gene - plsY_1 plsY_2
[04:16:18] Fixed 107 colliding /gene names.
[04:16:18] Adding /locus_tag identifiers
[04:16:18] Assigned 1911 locus_tags to CDS and RNA features.
[04:16:18] Writing outputs to /home/masom0b/ncbi_dataset/week_5/prokka_output_CDS/GCF_000008545.1_ASM854v1_genomic_prokka_output/
[04:16:19] Generating annotation statistics file
[04:16:19] Generating Genbank and Sequin files
[04:16:19] Running: tbl2asn -V b -a r10k -l paired-ends -M n -N 1 -y 'Annotated using prokka 1.14.6 from https://github.com/tseemann/prokka' -Z \/home\/masom0b\/ncbi_dataset\/week_5\/prokka_output_CDS\/GCF_000008545\.1_ASM854v1_genomic_prokka_output\/GCF_000008545\.1_ASM854v1_genomic\.err -i \/home\/masom0b\/ncbi_dataset\/week_5\/prokka_output_CDS\/GCF_000008545\.1_ASM854v1_genomic_prokka_output\/GCF_000008545\.1_ASM854v1_genomic\.fsa 2> /dev/null
[04:16:22] Deleting unwanted file: /home/masom0b/ncbi_dataset/week_5/prokka_output_CDS/GCF_000008545.1_ASM854v1_genomic_prokka_output/errorsummary.val
[04:16:22] Deleting unwanted file: /home/masom0b/ncbi_dataset/week_5/prokka_output_CDS/GCF_000008545.1_ASM854v1_genomic_prokka_output/GCF_000008545.1_ASM854v1_genomic.dr
[04:16:22] Deleting unwanted file: /home/masom0b/ncbi_dataset/week_5/prokka_output_CDS/GCF_000008545.1_ASM854v1_genomic_prokka_output/GCF_000008545.1_ASM854v1_genomic.fixedproducts
[04:16:22] Deleting unwanted file: /home/masom0b/ncbi_dataset/week_5/prokka_output_CDS/GCF_000008545.1_ASM854v1_genomic_prokka_output/GCF_000008545.1_ASM854v1_genomic.ecn
[04:16:22] Deleting unwanted file: /home/masom0b/ncbi_dataset/week_5/prokka_output_CDS/GCF_000008545.1_ASM854v1_genomic_prokka_output/GCF_000008545.1_ASM854v1_genomic.val
[04:16:22] Repairing broken .GBK output that tbl2asn produces...
[04:16:22] Running: sed 's/COORDINATES: profile/COORDINATES:profile/' < \/home\/masom0b\/ncbi_dataset\/week_5\/prokka_output_CDS\/GCF_000008545\.1_ASM854v1_genomic_prokka_output\/GCF_000008545\.1_ASM854v1_genomic\.gbf > \/home\/masom0b\/ncbi_dataset\/week_5\/prokka_output_CDS\/GCF_000008545\.1_ASM854v1_genomic_prokka_output\/GCF_000008545\.1_ASM854v1_genomic\.gbk
[04:16:22] Deleting unwanted file: /home/masom0b/ncbi_dataset/week_5/prokka_output_CDS/GCF_000008545.1_ASM854v1_genomic_prokka_output/GCF_000008545.1_ASM854v1_genomic.gbf
[04:16:22] Output files:
[04:16:22] /home/masom0b/ncbi_dataset/week_5/prokka_output_CDS/GCF_000008545.1_ASM854v1_genomic_prokka_output/GCF_000008545.1_ASM854v1_genomic.log
[04:16:22] /home/masom0b/ncbi_dataset/week_5/prokka_output_CDS/GCF_000008545.1_ASM854v1_genomic_prokka_output/GCF_000008545.1_ASM854v1_genomic.fna
[04:16:22] /home/masom0b/ncbi_dataset/week_5/prokka_output_CDS/GCF_000008545.1_ASM854v1_genomic_prokka_output/GCF_000008545.1_ASM854v1_genomic.gff
[04:16:22] /home/masom0b/ncbi_dataset/week_5/prokka_output_CDS/GCF_000008545.1_ASM854v1_genomic_prokka_output/GCF_000008545.1_ASM854v1_genomic.faa
[04:16:22] /home/masom0b/ncbi_dataset/week_5/prokka_output_CDS/GCF_000008545.1_ASM854v1_genomic_prokka_output/GCF_000008545.1_ASM854v1_genomic.ffn
[04:16:22] /home/masom0b/ncbi_dataset/week_5/prokka_output_CDS/GCF_000008545.1_ASM854v1_genomic_prokka_output/GCF_000008545.1_ASM854v1_genomic.tbl
[04:16:22] /home/masom0b/ncbi_dataset/week_5/prokka_output_CDS/GCF_000008545.1_ASM854v1_genomic_prokka_output/GCF_000008545.1_ASM854v1_genomic.fsa
[04:16:22] /home/masom0b/ncbi_dataset/week_5/prokka_output_CDS/GCF_000008545.1_ASM854v1_genomic_prokka_output/GCF_000008545.1_ASM854v1_genomic.tsv
[04:16:22] /home/masom0b/ncbi_dataset/week_5/prokka_output_CDS/GCF_000008545.1_ASM854v1_genomic_prokka_output/GCF_000008545.1_ASM854v1_genomic.txt
[04:16:22] /home/masom0b/ncbi_dataset/week_5/prokka_output_CDS/GCF_000008545.1_ASM854v1_genomic_prokka_output/GCF_000008545.1_ASM854v1_genomic.gbk
[04:16:22] /home/masom0b/ncbi_dataset/week_5/prokka_output_CDS/GCF_000008545.1_ASM854v1_genomic_prokka_output/GCF_000008545.1_ASM854v1_genomic.sqn
[04:16:22] /home/masom0b/ncbi_dataset/week_5/prokka_output_CDS/GCF_000008545.1_ASM854v1_genomic_prokka_output/GCF_000008545.1_ASM854v1_genomic.err
[04:16:22] Annotation finished successfully.
[04:16:22] Walltime used: 0.78 minutes
[04:16:22] If you use this result please cite the Prokka paper:
[04:16:22] Seemann T (2014) Prokka: rapid prokaryotic genome annotation. Bioinformatics. 30(14):2068-9.
[04:16:22] Type 'prokka --citation' for more details.
[04:16:22] Share and enjoy!
