[04:17:43] This is prokka 1.14.6
[04:17:43] Written by Torsten Seemann <torsten.seemann@gmail.com>
[04:17:43] Homepage is https://github.com/tseemann/prokka
[04:17:43] Local time is Sun Sep 29 04:17:43 2024
[04:17:43] You are masom0b
[04:17:43] Operating system is linux
[04:17:43] You have BioPerl 1.007002
[04:17:43] System has 40 cores.
[04:17:43] Will use maximum of 8 cores.
[04:17:43] Annotating as >>> Bacteria <<<
[04:17:43] Generating locus_tag from '/home/masom0b/ncbi_dataset/week_5/ncbi_dataset/data/GCF_000008605.1/GCF_000008605.1_ASM860v1_genomic.fna' contents.
[04:17:43] Setting --locustag EMGKIKMD from MD5 e604246d0c4566d4b4024f1c7934a1ff
[04:17:43] Re-using existing --outdir /home/masom0b/ncbi_dataset/week_5/prokka_output_CDS/GCF_000008605.1_ASM860v1_genomic_prokka_output
[04:17:43] Using filename prefix: GCF_000008605.1_ASM860v1_genomic.XXX
[04:17:43] Setting HMMER_NCPU=1
[04:17:43] Writing log to: /home/masom0b/ncbi_dataset/week_5/prokka_output_CDS/GCF_000008605.1_ASM860v1_genomic_prokka_output/GCF_000008605.1_ASM860v1_genomic.log
[04:17:43] Command: /ibex/sw/csi/prokka/1.14.5/conda2/miniconda2/bin/prokka --outdir /home/masom0b/ncbi_dataset/week_5/prokka_output_CDS/GCF_000008605.1_ASM860v1_genomic_prokka_output --prefix GCF_000008605.1_ASM860v1_genomic --force /home/masom0b/ncbi_dataset/week_5/ncbi_dataset/data/GCF_000008605.1/GCF_000008605.1_ASM860v1_genomic.fna --quiet
[04:17:43] Appending to PATH: /ibex/sw/csi/prokka/1.14.5/conda2/miniconda2/bin
[04:17:43] Looking for 'aragorn' - found /ibex/sw/csi/prokka/1.14.5/conda2/miniconda2/bin/aragorn
[04:17:43] Determined aragorn version is 001002 from 'ARAGORN v1.2.38 Dean Laslett'
[04:17:43] Looking for 'barrnap' - found /ibex/sw/csi/prokka/1.14.5/conda2/miniconda2/bin/barrnap
[04:17:43] Determined barrnap version is 000009 from 'barrnap 0.9'
[04:17:43] Looking for 'blastp' - found /ibex/sw/csi/prokka/1.14.5/conda2/miniconda2/bin/blastp
[04:17:43] Determined blastp version is 002010 from 'blastp: 2.10.1+'
[04:17:43] Looking for 'cmpress' - found /ibex/sw/csi/prokka/1.14.5/conda2/miniconda2/bin/cmpress
[04:17:43] Determined cmpress version is 001001 from '# INFERNAL 1.1.3 (Nov 2019)'
[04:17:43] Looking for 'cmscan' - found /ibex/sw/csi/prokka/1.14.5/conda2/miniconda2/bin/cmscan
[04:17:43] Determined cmscan version is 001001 from '# INFERNAL 1.1.3 (Nov 2019)'
[04:17:43] Looking for 'egrep' - found /usr/bin/egrep
[04:17:43] Looking for 'find' - found /usr/bin/find
[04:17:43] Looking for 'grep' - found /usr/bin/grep
[04:17:43] Looking for 'hmmpress' - found /ibex/sw/csi/prokka/1.14.5/conda2/miniconda2/bin/hmmpress
[04:17:43] Determined hmmpress version is 003003 from '# HMMER 3.3.2 (Nov 2020); http://hmmer.org/'
[04:17:43] Looking for 'hmmscan' - found /ibex/sw/csi/prokka/1.14.5/conda2/miniconda2/bin/hmmscan
[04:17:43] Determined hmmscan version is 003003 from '# HMMER 3.3.2 (Nov 2020); http://hmmer.org/'
[04:17:43] Looking for 'java' - found /ibex/sw/csi/prokka/1.14.5/conda2/miniconda2/bin/java
[04:17:43] Looking for 'makeblastdb' - found /ibex/sw/csi/prokka/1.14.5/conda2/miniconda2/bin/makeblastdb
[04:17:44] Determined makeblastdb version is 002010 from 'makeblastdb: 2.10.1+'
[04:17:44] Looking for 'minced' - found /ibex/sw/csi/prokka/1.14.5/conda2/miniconda2/bin/minced
[04:17:44] Determined minced version is 004002 from 'minced 0.4.2'
[04:17:44] Looking for 'parallel' - found /ibex/sw/csi/prokka/1.14.5/conda2/miniconda2/bin/parallel
[04:17:44] Determined parallel version is 20201122 from 'GNU parallel 20201122'
[04:17:44] Looking for 'prodigal' - found /ibex/sw/rl9c/prodigal/2.6.3/rl9_gnu12.2.0/bin/prodigal
[04:17:44] Determined prodigal version is 002006 from 'Prodigal V2.6.3: February, 2016'
[04:17:44] Looking for 'prokka-genbank_to_fasta_db' - found /ibex/sw/csi/prokka/1.14.5/conda2/miniconda2/bin/prokka-genbank_to_fasta_db
[04:17:44] Looking for 'sed' - found /usr/bin/sed
[04:17:44] Looking for 'tbl2asn' - found /ibex/sw/csi/prokka/1.14.5/conda2/miniconda2/bin/tbl2asn
[04:17:44] Determined tbl2asn version is 025007 from 'tbl2asn 25.7   arguments:'
[04:17:44] Using genetic code table 11.
[04:17:44] Loading and checking input file: /home/masom0b/ncbi_dataset/week_5/ncbi_dataset/data/GCF_000008605.1/GCF_000008605.1_ASM860v1_genomic.fna
[04:17:44] Wrote 1 contigs totalling 1138011 bp.
[04:17:44] Predicting tRNAs and tmRNAs
[04:17:44] Running: aragorn -l -gc11  -w \/home\/masom0b\/ncbi_dataset\/week_5\/prokka_output_CDS\/GCF_000008605\.1_ASM860v1_genomic_prokka_output\/GCF_000008605\.1_ASM860v1_genomic\.fna
[04:17:44] 1 tRNA-Ser c[24338,24425] 35 (gga)
[04:17:44] 2 tRNA-Ser c[24482,24570] 35 (cga)
[04:17:44] 3 tRNA-Arg c[24627,24702] 36 (gcg)
[04:17:44] 4 tRNA-Ser c[24732,24820] 36 (gct)
[04:17:44] 5 tRNA-Ser c[24859,24944] 35 (tga)
[04:17:44] 6 tRNA-Gln [124900,124970] 33 (ctg)
[04:17:44] 7 tRNA-Glu [124979,125052] 35 (ttc)
[04:17:44] 8 tRNA-Glu [125087,125160] 35 (ctc)
[04:17:44] 9 tRNA-Val [156596,156668] 34 (tac)
[04:17:44] 10 tRNA-Leu c[167948,168031] 36 (gag)
[04:17:44] 11 tRNA-Met [189892,189964] 34 (cat)
[04:17:44] 12 tRNA-Ile [231761,231835] 35 (gat)
[04:17:44] 13 tRNA-Thr [241889,241961] 34 (ggt)
[04:17:44] 14 tRNA-Trp [242214,242288] 35 (cca)
[04:17:44] 15 tmRNA [276533,276884] 85,123 ANSDSFDYALAA*
[04:17:44] 16 tRNA-Ala [280194,280267] 35 (tgc)
[04:17:44] 17 tRNA-Leu c[351812,351894] 35 (caa)
[04:17:44] 18 tRNA-Gly c[353846,353919] 35 (tcc)
[04:17:44] 19 tRNA-Gln [395662,395736] 34 (ttg)
[04:17:44] 20 tRNA-Thr [523524,523598] 36 (tgt)
[04:17:44] 21 tRNA-Tyr [523608,523690] 35 (gta)
[04:17:44] 22 tRNA-Lys [540756,540828] 34 (ctt)
[04:17:44] 23 tRNA-Leu [540887,540969] 36 (tag)
[04:17:44] 24 tRNA-Gly [540979,541050] 33 (gcc)
[04:17:44] 25 tRNA-Asn [581428,581502] 35 (gtt)
[04:17:44] 26 tRNA-Cys c[598767,598838] 33 (gca)
[04:17:44] 27 tRNA-Arg [642154,642226] 34 (cct)
[04:17:44] 28 tRNA-Pro c[642237,642311] 33 (cgg)
[04:17:44] 29 tRNA-Asp c[642361,642437] 36 (gtc)
[04:17:44] 30 tRNA-Met c[642505,642579] 35 (cat)
[04:17:44] 31 tRNA-Arg [658290,658363] 35 (ccg)
[04:17:44] 32 tRNA-Arg c[697383,697457] 35 (tcg)
[04:17:44] 33 tRNA-His c[697471,697543] 33 (gtg)
[04:17:44] 34 tRNA-Phe [697680,697752] 34 (gaa)
[04:17:44] 35 tRNA-Pro [729844,729916] 34 (tgg)
[04:17:44] 36 tRNA-Arg [734239,734312] 35 (tct)
[04:17:44] 37 tRNA-Val [742467,742538] 33 (cac)
[04:17:44] 38 tRNA-Met c[760021,760094] 35 (cat)
[04:17:44] 39 tRNA-Pro [767249,767322] 35 (ggg)
[04:17:44] 40 tRNA-Lys c[841805,841879] 35 (ttt)
[04:17:44] 41 tRNA-Leu [842022,842106] 35 (cag)
[04:17:44] 42 tRNA-Ala [1002824,1002897] 34 (cgc)
[04:17:44] 43 tRNA-Thr c[1005434,1005506] 34 (cgt)
[04:17:44] 44 tRNA-Val [1017521,1017594] 35 (gac)
[04:17:44] 45 tRNA-Leu c[1078378,1078463] 35 (taa)
[04:17:44] 46 tRNA-Ala c[1082508,1082584] 36 (ggc)
[04:17:44] Found 46 tRNAs
[04:17:44] Predicting Ribosomal RNAs
[04:17:44] Running Barrnap with 8 threads
[04:17:45] 1 NC_000919.1 230104 16S ribosomal RNA
[04:17:45] 2 NC_000919.1 231946 23S ribosomal RNA
[04:17:45] 3 NC_000919.1 234949 5S ribosomal RNA
[04:17:45] 4 NC_000919.1 278537 16S ribosomal RNA
[04:17:45] 5 NC_000919.1 280390 23S ribosomal RNA
[04:17:45] 6 NC_000919.1 283393 5S ribosomal RNA
[04:17:45] Found 6 rRNAs
[04:17:45] Skipping ncRNA search, enable with --rfam if desired.
[04:17:45] Total of 51 tRNA + rRNA features
[04:17:45] Searching for CRISPR repeats
[04:17:45] Found 0 CRISPRs
[04:17:45] Predicting coding sequences
[04:17:45] Contigs total 1138011 bp, so using single mode
[04:17:45] Running: prodigal -i \/home\/masom0b\/ncbi_dataset\/week_5\/prokka_output_CDS\/GCF_000008605\.1_ASM860v1_genomic_prokka_output\/GCF_000008605\.1_ASM860v1_genomic\.fna -c -m -g 11 -p single -f sco -q
[04:17:48] Excluding CDS which overlaps existing RNA (tRNA) at NC_000919.1:350288..352012 on + strand
[04:17:48] Excluding CDS which overlaps existing RNA (tRNA) at NC_000919.1:395629..396366 on + strand
[04:17:48] Excluding CDS which overlaps existing RNA (tRNA) at NC_000919.1:540681..541118 on + strand
[04:17:48] Excluding CDS which overlaps existing RNA (tRNA) at NC_000919.1:642453..642608 on - strand
[04:17:48] Excluding CDS which overlaps existing RNA (tRNA) at NC_000919.1:697323..697529 on - strand
[04:17:48] Excluding CDS which overlaps existing RNA (tRNA) at NC_000919.1:734274..735461 on - strand
[04:17:48] Excluding CDS which overlaps existing RNA (tRNA) at NC_000919.1:840597..841829 on - strand
[04:17:48] Excluding CDS which overlaps existing RNA (tRNA) at NC_000919.1:1080870..1082546 on - strand
[04:17:48] Found 1001 CDS
[04:17:48] Connecting features back to sequences
[04:17:48] Not using genus-specific database. Try --usegenus to enable it.
[04:17:48] Annotating CDS, please be patient.
[04:17:48] Will use 8 CPUs for similarity searching.
[04:17:48] There are still 1001 unannotated CDS left (started with 1001)
[04:17:48] Will use blast to search against /ibex/sw/csi/prokka/1.14.5/conda2/miniconda2/db/kingdom/Bacteria/IS with 8 CPUs
[04:17:48] Running: cat \/home\/masom0b\/ncbi_dataset\/week_5\/prokka_output_CDS\/GCF_000008605\.1_ASM860v1_genomic_prokka_output\/GCF_000008605\.1_ASM860v1_genomic\.IS\.tmp\.12359\.faa | parallel --gnu --plain -j 8 --block 22076 --recstart '>' --pipe blastp -query - -db /ibex/sw/csi/prokka/1.14.5/conda2/miniconda2/db/kingdom/Bacteria/IS -evalue 1e-30 -qcov_hsp_perc 90 -num_threads 1 -num_descriptions 1 -num_alignments 1 -seg no > \/home\/masom0b\/ncbi_dataset\/week_5\/prokka_output_CDS\/GCF_000008605\.1_ASM860v1_genomic_prokka_output\/GCF_000008605\.1_ASM860v1_genomic\.IS\.tmp\.12359\.blast 2> /dev/null
[04:17:51] Deleting unwanted file: /home/masom0b/ncbi_dataset/week_5/prokka_output_CDS/GCF_000008605.1_ASM860v1_genomic_prokka_output/GCF_000008605.1_ASM860v1_genomic.IS.tmp.12359.faa
[04:17:51] Deleting unwanted file: /home/masom0b/ncbi_dataset/week_5/prokka_output_CDS/GCF_000008605.1_ASM860v1_genomic_prokka_output/GCF_000008605.1_ASM860v1_genomic.IS.tmp.12359.blast
[04:17:52] There are still 1001 unannotated CDS left (started with 1001)
[04:17:52] Will use blast to search against /ibex/sw/csi/prokka/1.14.5/conda2/miniconda2/db/kingdom/Bacteria/AMR with 8 CPUs
[04:17:52] Running: cat \/home\/masom0b\/ncbi_dataset\/week_5\/prokka_output_CDS\/GCF_000008605\.1_ASM860v1_genomic_prokka_output\/GCF_000008605\.1_ASM860v1_genomic\.AMR\.tmp\.12359\.faa | parallel --gnu --plain -j 8 --block 22076 --recstart '>' --pipe blastp -query - -db /ibex/sw/csi/prokka/1.14.5/conda2/miniconda2/db/kingdom/Bacteria/AMR -evalue 9.99999999999999e-301 -qcov_hsp_perc 90 -num_threads 1 -num_descriptions 1 -num_alignments 1 -seg no > \/home\/masom0b\/ncbi_dataset\/week_5\/prokka_output_CDS\/GCF_000008605\.1_ASM860v1_genomic_prokka_output\/GCF_000008605\.1_ASM860v1_genomic\.AMR\.tmp\.12359\.blast 2> /dev/null
[04:17:54] Deleting unwanted file: /home/masom0b/ncbi_dataset/week_5/prokka_output_CDS/GCF_000008605.1_ASM860v1_genomic_prokka_output/GCF_000008605.1_ASM860v1_genomic.AMR.tmp.12359.faa
[04:17:54] Deleting unwanted file: /home/masom0b/ncbi_dataset/week_5/prokka_output_CDS/GCF_000008605.1_ASM860v1_genomic_prokka_output/GCF_000008605.1_ASM860v1_genomic.AMR.tmp.12359.blast
[04:17:54] There are still 1001 unannotated CDS left (started with 1001)
[04:17:54] Will use blast to search against /ibex/sw/csi/prokka/1.14.5/conda2/miniconda2/db/kingdom/Bacteria/sprot with 8 CPUs
[04:17:54] Running: cat \/home\/masom0b\/ncbi_dataset\/week_5\/prokka_output_CDS\/GCF_000008605\.1_ASM860v1_genomic_prokka_output\/GCF_000008605\.1_ASM860v1_genomic\.sprot\.tmp\.12359\.faa | parallel --gnu --plain -j 8 --block 22076 --recstart '>' --pipe blastp -query - -db /ibex/sw/csi/prokka/1.14.5/conda2/miniconda2/db/kingdom/Bacteria/sprot -evalue 1e-09 -qcov_hsp_perc 80 -num_threads 1 -num_descriptions 1 -num_alignments 1 -seg no > \/home\/masom0b\/ncbi_dataset\/week_5\/prokka_output_CDS\/GCF_000008605\.1_ASM860v1_genomic_prokka_output\/GCF_000008605\.1_ASM860v1_genomic\.sprot\.tmp\.12359\.blast 2> /dev/null
[04:18:05] Modify product: 1,4-alpha-glucan branching enzyme TTHA1902 => 1,4-alpha-glucan branching enzyme
[04:18:05] Modify product: Probable peptidoglycan glycosyltransferase FtsW => putative peptidoglycan glycosyltransferase FtsW
[04:18:05] Modify product: Probable ATP synthase YscN => putative ATP synthase YscN
[04:18:05] Modify product: Probable dual-specificity RNA methyltransferase RlmN => putative dual-specificity RNA methyltransferase RlmN
[04:18:05] Modify product: Cyclic di-GMP binding protein TDE_0214 => Cyclic di-GMP binding protein
[04:18:05] Modify product: Uncharacterized protein TP_0004 => putative protein
[04:18:05] Modify product: UPF0053 protein HI_0107 => hypothetical protein
[04:18:05] Modify product: UPF0053 protein HI_0107 => hypothetical protein
[04:18:05] Modify product: Probable transcriptional regulatory protein aq_1575 => putative transcriptional regulatory protein
[04:18:06] Modify product: Outer membrane protein TP0453 => Outer membrane protein
[04:18:06] Modify product: Probable riboflavin import ATP-binding protein RfuB => putative riboflavin import ATP-binding protein RfuB
[04:18:06] Modify product: Probable riboflavin import ATP-binding protein RfuB => putative riboflavin import ATP-binding protein RfuB
[04:18:06] Modify product: Probable riboflavin import permease protein RfuC => putative riboflavin import permease protein RfuC
[04:18:06] Modify product: Probable riboflavin import permease protein RfuD => putative riboflavin import permease protein RfuD
[04:18:06] Modify product: Probable riboflavin import permease protein RfuD => putative riboflavin import permease protein RfuD
[04:18:06] Modify product: Putative outer membrane protein assembly factor TP_0326 => Putative outer membrane protein assembly factor
[04:18:06] Modify product: Uncharacterized protein TP_0183 => putative protein
[04:18:06] Modify product: Probable tRNA sulfurtransferase => putative tRNA sulfurtransferase
[04:18:06] Modify product: Putative DD-carboxypeptidase TP_0574 => Putative DD-carboxypeptidase
[04:18:06] Modify product: Putative zinc metalloprotease aq_1964 => Putative zinc metalloprotease
[04:18:06] Modify product: Probable ABC transporter ATP-binding protein M6_Spy0273 => putative ABC transporter ATP-binding protein
[04:18:06] Modify product: UPF0051 protein SA0778 => hypothetical protein
[04:18:06] Modify product: Bifunctional protein FolD => Bifunctional protein FolD protein
[04:18:06] Modify product: Dihydroorotate dehydrogenase B (NAD(+)), electron transfer subunit homolog => Dihydroorotate dehydrogenase B (NAD(+)), electron transfer subunit 
[04:18:06] Modify product: Uncharacterized protein TP_0751 => putative protein
[04:18:06] Modify product: UPF0102 protein RPA0323 => hypothetical protein
[04:18:06] Modify product: Probable NADH oxidase => putative NADH oxidase
[04:18:06] Modify product: Probable peptidyl-prolyl cis-trans isomerase => putative peptidyl-prolyl cis-trans isomerase
[04:18:06] Modify product: Uncharacterized protein TP_0956 => putative protein
[04:18:06] Modify product: Uncharacterized ABC transporter ATP-binding protein YknY => putative ABC transporter ATP-binding protein YknY
[04:18:06] Modify product: Uncharacterized ABC transporter ATP-binding protein YbiT => putative ABC transporter ATP-binding protein YbiT
[04:18:06] Modify product: GTP cyclohydrolase 1 type 2 homolog => GTP cyclohydrolase 1 type 2 
[04:18:06] Modify product: Uncharacterized metal-dependent hydrolase YcfH => putative metal-dependent hydrolase YcfH
[04:18:06] Modify product: Probable tRNA-dihydrouridine synthase => putative tRNA-dihydrouridine synthase
[04:18:06] Modify product: UPF0056 inner membrane protein YhgN => hypothetical protein
[04:18:06] Modify product: UPF0073 inner membrane protein YqfA => hypothetical protein
[04:18:06] Cleaned 36 /product names
[04:18:06] Deleting unwanted file: /home/masom0b/ncbi_dataset/week_5/prokka_output_CDS/GCF_000008605.1_ASM860v1_genomic_prokka_output/GCF_000008605.1_ASM860v1_genomic.sprot.tmp.12359.faa
[04:18:06] Deleting unwanted file: /home/masom0b/ncbi_dataset/week_5/prokka_output_CDS/GCF_000008605.1_ASM860v1_genomic_prokka_output/GCF_000008605.1_ASM860v1_genomic.sprot.tmp.12359.blast
[04:18:06] There are still 567 unannotated CDS left (started with 1001)
[04:18:06] Will use hmmer3 to search against /ibex/sw/csi/prokka/1.14.5/conda2/miniconda2/db/hmm/HAMAP.hmm with 8 CPUs
[04:18:06] Running: cat \/home\/masom0b\/ncbi_dataset\/week_5\/prokka_output_CDS\/GCF_000008605\.1_ASM860v1_genomic_prokka_output\/GCF_000008605\.1_ASM860v1_genomic\.HAMAP\.hmm\.tmp\.12359\.faa | parallel --gnu --plain -j 8 --block 12047 --recstart '>' --pipe hmmscan --noali --notextw --acc -E 1e-09 --cpu 1 /ibex/sw/csi/prokka/1.14.5/conda2/miniconda2/db/hmm/HAMAP.hmm /dev/stdin > \/home\/masom0b\/ncbi_dataset\/week_5\/prokka_output_CDS\/GCF_000008605\.1_ASM860v1_genomic_prokka_output\/GCF_000008605\.1_ASM860v1_genomic\.HAMAP\.hmm\.tmp\.12359\.hmmer3 2> /dev/null
[04:18:09] Deleting unwanted file: /home/masom0b/ncbi_dataset/week_5/prokka_output_CDS/GCF_000008605.1_ASM860v1_genomic_prokka_output/GCF_000008605.1_ASM860v1_genomic.HAMAP.hmm.tmp.12359.faa
[04:18:09] Deleting unwanted file: /home/masom0b/ncbi_dataset/week_5/prokka_output_CDS/GCF_000008605.1_ASM860v1_genomic_prokka_output/GCF_000008605.1_ASM860v1_genomic.HAMAP.hmm.tmp.12359.hmmer3
[04:18:09] Labelling remaining 460 proteins as 'hypothetical protein'
[04:18:09] Possible /pseudo 'Chaperone protein DnaJ' at NC_000919.1 position 221779
[04:18:09] Possible /pseudo 'putative riboflavin import ATP-binding protein RfuB' at NC_000919.1 position 312368
[04:18:09] Possible /pseudo 'L-cystine-binding protein FliY' at NC_000919.1 position 325542
[04:18:09] Possible /pseudo 'Flagellar basal-body rod protein FlgG' at NC_000919.1 position 1042372
[04:18:09] Possible /pseudo 'Macrolide export ATP-binding/permease protein MacB' at NC_000919.1 position 1044616
[04:18:09] Found 465 unique /gene codes.
[04:18:09] Fixed 2 duplicate /gene - ktrA_1 ktrA_2
[04:18:09] Fixed 2 duplicate /gene - pgk/tpi_1 pgk/tpi_2
[04:18:09] Fixed 2 duplicate /gene - ntpB_1 ntpB_2
[04:18:09] Fixed 2 duplicate /gene - fliG_1 fliG_2
[04:18:09] Fixed 2 duplicate /gene - clpP_1 clpP_2
[04:18:09] Fixed 2 duplicate /gene - alsT_1 alsT_2
[04:18:09] Fixed 2 duplicate /gene - ylxH_1 ylxH_2
[04:18:09] Fixed 2 duplicate /gene - mglB_1 mglB_2
[04:18:09] Fixed 2 duplicate /gene - deaD_1 deaD_2
[04:18:09] Fixed 6 duplicate /gene - bepA_1 bepA_2 bepA_3 bepA_4 bepA_5 bepA_6
[04:18:09] Fixed 2 duplicate /gene - cmk_1 cmk_2
[04:18:09] Fixed 2 duplicate /gene - pcrA_1 pcrA_2
[04:18:09] Fixed 3 duplicate /gene - cpoB_1 cpoB_2 cpoB_3
[04:18:09] Fixed 2 duplicate /gene - gph_1 gph_2
[04:18:09] Fixed 2 duplicate /gene - atpE_1 atpE_2
[04:18:09] Fixed 2 duplicate /gene - flhB_1 flhB_2
[04:18:09] Fixed 2 duplicate /gene - rbn_1 rbn_2
[04:18:09] Fixed 2 duplicate /gene - atpD_1 atpD_2
[04:18:09] Fixed 2 duplicate /gene - nth_1 nth_2
[04:18:09] Fixed 2 duplicate /gene - ruvB_1 ruvB_2
[04:18:09] Fixed 2 duplicate /gene - ftsY_1 ftsY_2
[04:18:09] Fixed 2 duplicate /gene - rfuD_1 rfuD_2
[04:18:09] Fixed 2 duplicate /gene - fliY_1 fliY_2
[04:18:09] Fixed 2 duplicate /gene - rfuB_1 rfuB_2
[04:18:09] Fixed 2 duplicate /gene - fusA_1 fusA_2
[04:18:09] Fixed 3 duplicate /gene - smc_1 smc_2 smc_3
[04:18:09] Fixed 2 duplicate /gene - rlmB_1 rlmB_2
[04:18:09] Fixed 2 duplicate /gene - pal_1 pal_2
[04:18:09] Fixed 2 duplicate /gene - lnt_1 lnt_2
[04:18:09] Fixed 2 duplicate /gene - arnB_1 arnB_2
[04:18:09] Fixed 4 duplicate /gene - dnaJ_1 dnaJ_2 dnaJ_3 dnaJ_4
[04:18:09] Fixed 2 duplicate /gene - lapB_1 lapB_2
[04:18:09] Fixed 2 duplicate /gene - flgG_1 flgG_2
[04:18:09] Fixed 2 duplicate /gene - potA_1 potA_2
[04:18:09] Fixed 2 duplicate /gene - ftsH_1 ftsH_2
[04:18:09] Fixed 2 duplicate /gene - macB_1 macB_2
[04:18:09] Fixed 36 colliding /gene names.
[04:18:09] Adding /locus_tag identifiers
[04:18:09] Assigned 1053 locus_tags to CDS and RNA features.
[04:18:09] Writing outputs to /home/masom0b/ncbi_dataset/week_5/prokka_output_CDS/GCF_000008605.1_ASM860v1_genomic_prokka_output/
[04:18:10] Generating annotation statistics file
[04:18:10] Generating Genbank and Sequin files
[04:18:10] Running: tbl2asn -V b -a r10k -l paired-ends -M n -N 1 -y 'Annotated using prokka 1.14.6 from https://github.com/tseemann/prokka' -Z \/home\/masom0b\/ncbi_dataset\/week_5\/prokka_output_CDS\/GCF_000008605\.1_ASM860v1_genomic_prokka_output\/GCF_000008605\.1_ASM860v1_genomic\.err -i \/home\/masom0b\/ncbi_dataset\/week_5\/prokka_output_CDS\/GCF_000008605\.1_ASM860v1_genomic_prokka_output\/GCF_000008605\.1_ASM860v1_genomic\.fsa 2> /dev/null
[04:18:11] Deleting unwanted file: /home/masom0b/ncbi_dataset/week_5/prokka_output_CDS/GCF_000008605.1_ASM860v1_genomic_prokka_output/errorsummary.val
[04:18:11] Deleting unwanted file: /home/masom0b/ncbi_dataset/week_5/prokka_output_CDS/GCF_000008605.1_ASM860v1_genomic_prokka_output/GCF_000008605.1_ASM860v1_genomic.dr
[04:18:11] Deleting unwanted file: /home/masom0b/ncbi_dataset/week_5/prokka_output_CDS/GCF_000008605.1_ASM860v1_genomic_prokka_output/GCF_000008605.1_ASM860v1_genomic.fixedproducts
[04:18:11] Deleting unwanted file: /home/masom0b/ncbi_dataset/week_5/prokka_output_CDS/GCF_000008605.1_ASM860v1_genomic_prokka_output/GCF_000008605.1_ASM860v1_genomic.ecn
[04:18:11] Deleting unwanted file: /home/masom0b/ncbi_dataset/week_5/prokka_output_CDS/GCF_000008605.1_ASM860v1_genomic_prokka_output/GCF_000008605.1_ASM860v1_genomic.val
[04:18:11] Repairing broken .GBK output that tbl2asn produces...
[04:18:11] Running: sed 's/COORDINATES: profile/COORDINATES:profile/' < \/home\/masom0b\/ncbi_dataset\/week_5\/prokka_output_CDS\/GCF_000008605\.1_ASM860v1_genomic_prokka_output\/GCF_000008605\.1_ASM860v1_genomic\.gbf > \/home\/masom0b\/ncbi_dataset\/week_5\/prokka_output_CDS\/GCF_000008605\.1_ASM860v1_genomic_prokka_output\/GCF_000008605\.1_ASM860v1_genomic\.gbk
[04:18:12] Deleting unwanted file: /home/masom0b/ncbi_dataset/week_5/prokka_output_CDS/GCF_000008605.1_ASM860v1_genomic_prokka_output/GCF_000008605.1_ASM860v1_genomic.gbf
[04:18:12] Output files:
[04:18:12] /home/masom0b/ncbi_dataset/week_5/prokka_output_CDS/GCF_000008605.1_ASM860v1_genomic_prokka_output/GCF_000008605.1_ASM860v1_genomic.log
[04:18:12] /home/masom0b/ncbi_dataset/week_5/prokka_output_CDS/GCF_000008605.1_ASM860v1_genomic_prokka_output/GCF_000008605.1_ASM860v1_genomic.fna
[04:18:12] /home/masom0b/ncbi_dataset/week_5/prokka_output_CDS/GCF_000008605.1_ASM860v1_genomic_prokka_output/GCF_000008605.1_ASM860v1_genomic.gff
[04:18:12] /home/masom0b/ncbi_dataset/week_5/prokka_output_CDS/GCF_000008605.1_ASM860v1_genomic_prokka_output/GCF_000008605.1_ASM860v1_genomic.faa
[04:18:12] /home/masom0b/ncbi_dataset/week_5/prokka_output_CDS/GCF_000008605.1_ASM860v1_genomic_prokka_output/GCF_000008605.1_ASM860v1_genomic.ffn
[04:18:12] /home/masom0b/ncbi_dataset/week_5/prokka_output_CDS/GCF_000008605.1_ASM860v1_genomic_prokka_output/GCF_000008605.1_ASM860v1_genomic.tbl
[04:18:12] /home/masom0b/ncbi_dataset/week_5/prokka_output_CDS/GCF_000008605.1_ASM860v1_genomic_prokka_output/GCF_000008605.1_ASM860v1_genomic.fsa
[04:18:12] /home/masom0b/ncbi_dataset/week_5/prokka_output_CDS/GCF_000008605.1_ASM860v1_genomic_prokka_output/GCF_000008605.1_ASM860v1_genomic.tsv
[04:18:12] /home/masom0b/ncbi_dataset/week_5/prokka_output_CDS/GCF_000008605.1_ASM860v1_genomic_prokka_output/GCF_000008605.1_ASM860v1_genomic.txt
[04:18:12] /home/masom0b/ncbi_dataset/week_5/prokka_output_CDS/GCF_000008605.1_ASM860v1_genomic_prokka_output/GCF_000008605.1_ASM860v1_genomic.gbk
[04:18:12] /home/masom0b/ncbi_dataset/week_5/prokka_output_CDS/GCF_000008605.1_ASM860v1_genomic_prokka_output/GCF_000008605.1_ASM860v1_genomic.sqn
[04:18:12] /home/masom0b/ncbi_dataset/week_5/prokka_output_CDS/GCF_000008605.1_ASM860v1_genomic_prokka_output/GCF_000008605.1_ASM860v1_genomic.err
[04:18:12] Annotation finished successfully.
[04:18:12] Walltime used: 0.48 minutes
[04:18:12] If you use this result please cite the Prokka paper:
[04:18:12] Seemann T (2014) Prokka: rapid prokaryotic genome annotation. Bioinformatics. 30(14):2068-9.
[04:18:12] Type 'prokka --citation' for more details.
[04:18:12] Share and enjoy!
