[04:19:20] This is prokka 1.14.6
[04:19:20] Written by Torsten Seemann <torsten.seemann@gmail.com>
[04:19:20] Homepage is https://github.com/tseemann/prokka
[04:19:20] Local time is Sun Sep 29 04:19:20 2024
[04:19:20] You are masom0b
[04:19:20] Operating system is linux
[04:19:20] You have BioPerl 1.007002
[04:19:20] System has 40 cores.
[04:19:20] Will use maximum of 8 cores.
[04:19:20] Annotating as >>> Bacteria <<<
[04:19:20] Generating locus_tag from '/home/masom0b/ncbi_dataset/week_5/ncbi_dataset/data/GCF_000008745.1/GCF_000008745.1_ASM874v1_genomic.fna' contents.
[04:19:20] Setting --locustag LCJLMEGC from MD5 5c356e0cef5f236e22119f5faf06f5d9
[04:19:20] Re-using existing --outdir /home/masom0b/ncbi_dataset/week_5/prokka_output_CDS/GCF_000008745.1_ASM874v1_genomic_prokka_output
[04:19:20] Using filename prefix: GCF_000008745.1_ASM874v1_genomic.XXX
[04:19:20] Setting HMMER_NCPU=1
[04:19:20] Writing log to: /home/masom0b/ncbi_dataset/week_5/prokka_output_CDS/GCF_000008745.1_ASM874v1_genomic_prokka_output/GCF_000008745.1_ASM874v1_genomic.log
[04:19:20] Command: /ibex/sw/csi/prokka/1.14.5/conda2/miniconda2/bin/prokka --outdir /home/masom0b/ncbi_dataset/week_5/prokka_output_CDS/GCF_000008745.1_ASM874v1_genomic_prokka_output --prefix GCF_000008745.1_ASM874v1_genomic --force /home/masom0b/ncbi_dataset/week_5/ncbi_dataset/data/GCF_000008745.1/GCF_000008745.1_ASM874v1_genomic.fna --quiet
[04:19:20] Appending to PATH: /ibex/sw/csi/prokka/1.14.5/conda2/miniconda2/bin
[04:19:20] Looking for 'aragorn' - found /ibex/sw/csi/prokka/1.14.5/conda2/miniconda2/bin/aragorn
[04:19:20] Determined aragorn version is 001002 from 'ARAGORN v1.2.38 Dean Laslett'
[04:19:20] Looking for 'barrnap' - found /ibex/sw/csi/prokka/1.14.5/conda2/miniconda2/bin/barrnap
[04:19:20] Determined barrnap version is 000009 from 'barrnap 0.9'
[04:19:20] Looking for 'blastp' - found /ibex/sw/csi/prokka/1.14.5/conda2/miniconda2/bin/blastp
[04:19:20] Determined blastp version is 002010 from 'blastp: 2.10.1+'
[04:19:20] Looking for 'cmpress' - found /ibex/sw/csi/prokka/1.14.5/conda2/miniconda2/bin/cmpress
[04:19:20] Determined cmpress version is 001001 from '# INFERNAL 1.1.3 (Nov 2019)'
[04:19:20] Looking for 'cmscan' - found /ibex/sw/csi/prokka/1.14.5/conda2/miniconda2/bin/cmscan
[04:19:20] Determined cmscan version is 001001 from '# INFERNAL 1.1.3 (Nov 2019)'
[04:19:20] Looking for 'egrep' - found /usr/bin/egrep
[04:19:20] Looking for 'find' - found /usr/bin/find
[04:19:20] Looking for 'grep' - found /usr/bin/grep
[04:19:20] Looking for 'hmmpress' - found /ibex/sw/csi/prokka/1.14.5/conda2/miniconda2/bin/hmmpress
[04:19:20] Determined hmmpress version is 003003 from '# HMMER 3.3.2 (Nov 2020); http://hmmer.org/'
[04:19:20] Looking for 'hmmscan' - found /ibex/sw/csi/prokka/1.14.5/conda2/miniconda2/bin/hmmscan
[04:19:20] Determined hmmscan version is 003003 from '# HMMER 3.3.2 (Nov 2020); http://hmmer.org/'
[04:19:20] Looking for 'java' - found /ibex/sw/csi/prokka/1.14.5/conda2/miniconda2/bin/java
[04:19:20] Looking for 'makeblastdb' - found /ibex/sw/csi/prokka/1.14.5/conda2/miniconda2/bin/makeblastdb
[04:19:20] Determined makeblastdb version is 002010 from 'makeblastdb: 2.10.1+'
[04:19:20] Looking for 'minced' - found /ibex/sw/csi/prokka/1.14.5/conda2/miniconda2/bin/minced
[04:19:20] Determined minced version is 004002 from 'minced 0.4.2'
[04:19:20] Looking for 'parallel' - found /ibex/sw/csi/prokka/1.14.5/conda2/miniconda2/bin/parallel
[04:19:20] Determined parallel version is 20201122 from 'GNU parallel 20201122'
[04:19:20] Looking for 'prodigal' - found /ibex/sw/rl9c/prodigal/2.6.3/rl9_gnu12.2.0/bin/prodigal
[04:19:20] Determined prodigal version is 002006 from 'Prodigal V2.6.3: February, 2016'
[04:19:20] Looking for 'prokka-genbank_to_fasta_db' - found /ibex/sw/csi/prokka/1.14.5/conda2/miniconda2/bin/prokka-genbank_to_fasta_db
[04:19:20] Looking for 'sed' - found /usr/bin/sed
[04:19:20] Looking for 'tbl2asn' - found /ibex/sw/csi/prokka/1.14.5/conda2/miniconda2/bin/tbl2asn
[04:19:20] Determined tbl2asn version is 025007 from 'tbl2asn 25.7   arguments:'
[04:19:20] Using genetic code table 11.
[04:19:20] Loading and checking input file: /home/masom0b/ncbi_dataset/week_5/ncbi_dataset/data/GCF_000008745.1/GCF_000008745.1_ASM874v1_genomic.fna
[04:19:20] Wrote 1 contigs totalling 1230230 bp.
[04:19:20] Predicting tRNAs and tmRNAs
[04:19:20] Running: aragorn -l -gc11  -w \/home\/masom0b\/ncbi_dataset\/week_5\/prokka_output_CDS\/GCF_000008745\.1_ASM874v1_genomic_prokka_output\/GCF_000008745\.1_ASM874v1_genomic\.fna
[04:19:21] 1 tRNA-Met c[87450,87522] 34 (cat)
[04:19:21] 2 tRNA-Thr [89657,89728] 33 (ggt)
[04:19:21] 3 tRNA-Trp [90997,91071] 35 (cca)
[04:19:21] 4 tmRNA c[138071,138493] 92,160 AEPKAECEIISLFDSVEERLAA*
[04:19:21] 5 tRNA-Asn c[164317,164390] 34 (gtt)
[04:19:21] 6 tRNA-Met [199228,199302] 35 (cat)
[04:19:21] 7 tRNA-Met [199316,199394] 36 (cat)
[04:19:21] 8 tRNA-Ile c[268992,269065] 35 (gat)
[04:19:21] 9 tRNA-Ala c[269070,269142] 34 (tgc)
[04:19:21] 10 tRNA-Tyr c[293316,293399] 35 (gta)
[04:19:21] 11 tRNA-Thr c[293404,293478] 35 (tgt)
[04:19:21] 12 tRNA-Val [296074,296148] 35 (tac)
[04:19:21] 13 tRNA-Asp [296150,296225] 36 (gtc)
[04:19:21] 14 tRNA-Pro [409848,409922] 36 (tgg)
[04:19:21] 15 tRNA-Arg [462140,462215] 36 (cct)
[04:19:21] 16 tRNA-Ser c[626900,626988] 36 (gga)
[04:19:21] 17 tRNA-Phe c[631372,631446] 35 (gaa)
[04:19:21] 18 tRNA-Leu [672235,672319] 35 (caa)
[04:19:21] 19 tRNA-Arg [677264,677337] 35 (tcg)
[04:19:21] 20 tRNA-Leu c[680177,680260] 36 (gag)
[04:19:21] 21 tRNA-Ser c[708354,708441] 35 (gct)
[04:19:21] 22 tRNA-Leu c[715888,715972] 35 (taa)
[04:19:21] 23 tRNA-Leu [739403,739486] 35 (cag)
[04:19:21] 24 tRNA-Gly [781610,781680] 33 (tcc)
[04:19:21] 25 tRNA-Glu [784821,784897] 38 (ttc)
[04:19:21] 26 tRNA-Lys [784922,784994] 34 (ttt)
[04:19:21] 27 tRNA-Thr c[786706,786781] 35 (cgt)
[04:19:21] 28 tRNA-Arg c[807341,807413] 34 (tct)
[04:19:21] 29 tRNA-Ala [836118,836192] 35 (ggc)
[04:19:21] 30 tRNA-Pro [843926,843999] 35 (ggg)
[04:19:21] 31 tRNA-Arg [877400,877473] 35 (acg)
[04:19:21] 32 tRNA-Gly c[961536,961607] 33 (gcc)
[04:19:21] 33 tRNA-His c[999948,1000022] 35 (gtg)
[04:19:21] 34 tRNA-Cys c[1030533,1030603] 33 (gca)
[04:19:21] 35 tRNA-Gln [1085604,1085677] 34 (ttg)
[04:19:21] 36 tRNA-Val c[1137389,1137462] 35 (gac)
[04:19:21] 37 tRNA-Ser [1142034,1142118] 35 (tga)
[04:19:21] 38 tRNA-Leu [1175862,1175946] 36 (tag)
[04:19:21] 39 tRNA-Ser c[1229941,1230029] 36 (cga)
[04:19:21] Found 39 tRNAs
[04:19:21] Predicting Ribosomal RNAs
[04:19:21] Running Barrnap with 8 threads
[04:19:21] 1 NC_000922.1 1000563 16S ribosomal RNA
[04:19:21] 2 NC_000922.1 1002345 23S ribosomal RNA
[04:19:21] 3 NC_000922.1 1005397 5S ribosomal RNA
[04:19:21] Found 3 rRNAs
[04:19:21] Skipping ncRNA search, enable with --rfam if desired.
[04:19:21] Total of 41 tRNA + rRNA features
[04:19:21] Searching for CRISPR repeats
[04:19:21] Found 0 CRISPRs
[04:19:21] Predicting coding sequences
[04:19:21] Contigs total 1230230 bp, so using single mode
[04:19:21] Running: prodigal -i \/home\/masom0b\/ncbi_dataset\/week_5\/prokka_output_CDS\/GCF_000008745\.1_ASM874v1_genomic_prokka_output\/GCF_000008745\.1_ASM874v1_genomic\.fna -c -m -g 11 -p single -f sco -q
[04:19:23] Excluding CDS which overlaps existing RNA (tRNA) at NC_000922.1:293244..293351 on + strand
[04:19:23] Excluding CDS which overlaps existing RNA (tRNA) at NC_000922.1:836182..838350 on - strand
[04:19:23] Excluding CDS which overlaps existing RNA (tRNA) at NC_000922.1:1000000..1000152 on - strand
[04:19:23] Excluding CDS which overlaps existing RNA (rRNA) at NC_000922.1:1004237..1004866 on - strand
[04:19:23] Excluding CDS which overlaps existing RNA (tRNA) at NC_000922.1:1136724..1137398 on + strand
[04:19:24] Found 1058 CDS
[04:19:24] Connecting features back to sequences
[04:19:24] Not using genus-specific database. Try --usegenus to enable it.
[04:19:24] Annotating CDS, please be patient.
[04:19:24] Will use 8 CPUs for similarity searching.
[04:19:24] There are still 1058 unannotated CDS left (started with 1058)
[04:19:24] Will use blast to search against /ibex/sw/csi/prokka/1.14.5/conda2/miniconda2/db/kingdom/Bacteria/IS with 8 CPUs
[04:19:24] Running: cat \/home\/masom0b\/ncbi_dataset\/week_5\/prokka_output_CDS\/GCF_000008745\.1_ASM874v1_genomic_prokka_output\/GCF_000008745\.1_ASM874v1_genomic\.IS\.tmp\.15712\.faa | parallel --gnu --plain -j 8 --block 23208 --recstart '>' --pipe blastp -query - -db /ibex/sw/csi/prokka/1.14.5/conda2/miniconda2/db/kingdom/Bacteria/IS -evalue 1e-30 -qcov_hsp_perc 90 -num_threads 1 -num_descriptions 1 -num_alignments 1 -seg no > \/home\/masom0b\/ncbi_dataset\/week_5\/prokka_output_CDS\/GCF_000008745\.1_ASM874v1_genomic_prokka_output\/GCF_000008745\.1_ASM874v1_genomic\.IS\.tmp\.15712\.blast 2> /dev/null
[04:19:27] Deleting unwanted file: /home/masom0b/ncbi_dataset/week_5/prokka_output_CDS/GCF_000008745.1_ASM874v1_genomic_prokka_output/GCF_000008745.1_ASM874v1_genomic.IS.tmp.15712.faa
[04:19:27] Deleting unwanted file: /home/masom0b/ncbi_dataset/week_5/prokka_output_CDS/GCF_000008745.1_ASM874v1_genomic_prokka_output/GCF_000008745.1_ASM874v1_genomic.IS.tmp.15712.blast
[04:19:27] There are still 1058 unannotated CDS left (started with 1058)
[04:19:27] Will use blast to search against /ibex/sw/csi/prokka/1.14.5/conda2/miniconda2/db/kingdom/Bacteria/AMR with 8 CPUs
[04:19:27] Running: cat \/home\/masom0b\/ncbi_dataset\/week_5\/prokka_output_CDS\/GCF_000008745\.1_ASM874v1_genomic_prokka_output\/GCF_000008745\.1_ASM874v1_genomic\.AMR\.tmp\.15712\.faa | parallel --gnu --plain -j 8 --block 23208 --recstart '>' --pipe blastp -query - -db /ibex/sw/csi/prokka/1.14.5/conda2/miniconda2/db/kingdom/Bacteria/AMR -evalue 9.99999999999999e-301 -qcov_hsp_perc 90 -num_threads 1 -num_descriptions 1 -num_alignments 1 -seg no > \/home\/masom0b\/ncbi_dataset\/week_5\/prokka_output_CDS\/GCF_000008745\.1_ASM874v1_genomic_prokka_output\/GCF_000008745\.1_ASM874v1_genomic\.AMR\.tmp\.15712\.blast 2> /dev/null
[04:19:30] Deleting unwanted file: /home/masom0b/ncbi_dataset/week_5/prokka_output_CDS/GCF_000008745.1_ASM874v1_genomic_prokka_output/GCF_000008745.1_ASM874v1_genomic.AMR.tmp.15712.faa
[04:19:30] Deleting unwanted file: /home/masom0b/ncbi_dataset/week_5/prokka_output_CDS/GCF_000008745.1_ASM874v1_genomic_prokka_output/GCF_000008745.1_ASM874v1_genomic.AMR.tmp.15712.blast
[04:19:30] There are still 1058 unannotated CDS left (started with 1058)
[04:19:30] Will use blast to search against /ibex/sw/csi/prokka/1.14.5/conda2/miniconda2/db/kingdom/Bacteria/sprot with 8 CPUs
[04:19:30] Running: cat \/home\/masom0b\/ncbi_dataset\/week_5\/prokka_output_CDS\/GCF_000008745\.1_ASM874v1_genomic_prokka_output\/GCF_000008745\.1_ASM874v1_genomic\.sprot\.tmp\.15712\.faa | parallel --gnu --plain -j 8 --block 23208 --recstart '>' --pipe blastp -query - -db /ibex/sw/csi/prokka/1.14.5/conda2/miniconda2/db/kingdom/Bacteria/sprot -evalue 1e-09 -qcov_hsp_perc 80 -num_threads 1 -num_descriptions 1 -num_alignments 1 -seg no > \/home\/masom0b\/ncbi_dataset\/week_5\/prokka_output_CDS\/GCF_000008745\.1_ASM874v1_genomic_prokka_output\/GCF_000008745\.1_ASM874v1_genomic\.sprot\.tmp\.15712\.blast 2> /dev/null
[04:19:42] Modify product: GTP cyclohydrolase 1 type 2 homolog => GTP cyclohydrolase 1 type 2 
[04:19:42] Modify product: UPF0301 protein SO_3346 => hypothetical protein
[04:19:42] Modify product: Bifunctional protein FolD => Bifunctional protein FolD protein
[04:19:42] Modify product: Probable cytosol aminopeptidase => putative cytosol aminopeptidase
[04:19:42] Modify product: Glycogen operon protein GlgX homolog => Glycogen operon protein GlgX 
[04:19:42] Modify product: UPF0053 protein HI_0107 => hypothetical protein
[04:19:42] Modify product: UPF0053 protein HI_0107 => hypothetical protein
[04:19:42] Modify product: Probable UbiX-like flavin prenyltransferase => putative UbiX-like flavin prenyltransferase
[04:19:42] Modify product: Probable outer membrane protein pmp16 => putative outer membrane protein pmp16
[04:19:42] Modify product: Probable outer membrane protein pmp15 => putative outer membrane protein pmp15
[04:19:42] Modify product: Probable outer membrane protein pmp15 => putative outer membrane protein pmp15
[04:19:42] Modify product: Probable outer membrane protein pmp18 => putative outer membrane protein pmp18
[04:19:42] Modify product: Probable ABC transporter arginine-binding protein ArtJ => putative ABC transporter arginine-binding protein ArtJ
[04:19:42] Modify product: UPF0235 protein YggU => hypothetical protein
[04:19:42] Modify product: Probable outer membrane protein pmp1 => putative outer membrane protein pmp1
[04:19:42] Modify product: Probable outer membrane protein pmp2 => putative outer membrane protein pmp2
[04:19:42] Modify product: Probable outer membrane protein pmp11 => putative outer membrane protein pmp11
[04:19:42] Modify product: Probable outer membrane protein pmp10 => putative outer membrane protein pmp10
[04:19:42] Modify product: Probable outer membrane protein pmp10 => putative outer membrane protein pmp10
[04:19:42] Modify product: Probable outer membrane protein pmp10 => putative outer membrane protein pmp10
[04:19:42] Modify product: Probable outer membrane protein pmp8 => putative outer membrane protein pmp8
[04:19:42] Modify product: Probable outer membrane protein pmp10 => putative outer membrane protein pmp10
[04:19:42] Modify product: Uncharacterized ABC transporter ATP-binding protein YbiT => putative ABC transporter ATP-binding protein YbiT
[04:19:42] Modify product: Probable outer membrane protein pmp6 => putative outer membrane protein pmp6
[04:19:42] Modify product: Probable outer membrane protein pmp7 => putative outer membrane protein pmp7
[04:19:42] Modify product: Probable outer membrane protein pmp8 => putative outer membrane protein pmp8
[04:19:42] Modify product: Probable outer membrane protein pmp9 => putative outer membrane protein pmp9
[04:19:42] Modify product: Probable outer membrane protein pmp10 => putative outer membrane protein pmp10
[04:19:42] Modify product: Probable outer membrane protein pmp10 => putative outer membrane protein pmp10
[04:19:42] Modify product: Probable outer membrane protein pmp11 => putative outer membrane protein pmp11
[04:19:42] Modify product: Probable outer membrane protein pmp12 => putative outer membrane protein pmp12
[04:19:42] Modify product: Probable outer membrane protein pmp13 => putative outer membrane protein pmp13
[04:19:42] Modify product: Probable outer membrane protein pmp14 => putative outer membrane protein pmp14
[04:19:42] Modify product: Probable outer membrane protein pmp15 => putative outer membrane protein pmp15
[04:19:42] Modify product: Probable FKBP-type peptidyl-prolyl cis-trans isomerase FkpA => putative FKBP-type peptidyl-prolyl cis-trans isomerase FkpA
[04:19:42] Modify product: Probable oxidoreductase CT_610 => putative oxidoreductase CT_610
[04:19:42] Modify product: Protein CPn_0803/CP_1068/CPj0803/CpB0832 => Protein/CP_1068/CPj0803/CpB0832
[04:19:42] Modify product: Probable uridylyltransferase SA1974 => putative uridylyltransferase
[04:19:42] Modify product: Probable secretion system apparatus ATP synthase SsaN => putative secretion system apparatus ATP synthase SsaN
[04:19:42] Modify product: Probable cadmium-transporting ATPase => putative cadmium-transporting ATPase
[04:19:42] Modify product: UPF0098 protein CT_736 => hypothetical protein
[04:19:42] Modify product: Probable peptidoglycan glycosyltransferase FtsW => putative peptidoglycan glycosyltransferase FtsW
[04:19:42] Modify product: Probable outer membrane protein pmp21 => putative outer membrane protein pmp21
[04:19:42] Modify product: Probable outer membrane protein pmp19 => putative outer membrane protein pmp19
[04:19:42] Modify product: Probable outer membrane protein pmp20 => putative outer membrane protein pmp20
[04:19:42] Modify product: Probable transcriptional regulatory protein YebC => putative transcriptional regulatory protein YebC
[04:19:42] Modify product: UPF0111 protein HI_1603 => hypothetical protein
[04:19:42] Modify product: Probable chromosome-partitioning protein ParB => putative chromosome-partitioning protein ParB
[04:19:42] Modify product: Probable ATP-dependent transporter SufC => putative ATP-dependent transporter SufC
[04:19:42] Modify product: Uncharacterized protein CT_671 => putative protein CT_671
[04:19:42] Modify product: Probable ATP synthase YscN => putative ATP synthase YscN
[04:19:42] Modify product: Uncharacterized protein CT_666 => putative protein CT_666
[04:19:42] Modify product: UPF0176 protein SP_0095 => hypothetical protein
[04:19:42] Modify product: UPF0056 inner membrane protein YhgN => hypothetical protein
[04:19:42] Cleaned 54 /product names
[04:19:42] Deleting unwanted file: /home/masom0b/ncbi_dataset/week_5/prokka_output_CDS/GCF_000008745.1_ASM874v1_genomic_prokka_output/GCF_000008745.1_ASM874v1_genomic.sprot.tmp.15712.faa
[04:19:42] Deleting unwanted file: /home/masom0b/ncbi_dataset/week_5/prokka_output_CDS/GCF_000008745.1_ASM874v1_genomic_prokka_output/GCF_000008745.1_ASM874v1_genomic.sprot.tmp.15712.blast
[04:19:42] There are still 591 unannotated CDS left (started with 1058)
[04:19:42] Will use hmmer3 to search against /ibex/sw/csi/prokka/1.14.5/conda2/miniconda2/db/hmm/HAMAP.hmm with 8 CPUs
[04:19:42] Running: cat \/home\/masom0b\/ncbi_dataset\/week_5\/prokka_output_CDS\/GCF_000008745\.1_ASM874v1_genomic_prokka_output\/GCF_000008745\.1_ASM874v1_genomic\.HAMAP\.hmm\.tmp\.15712\.faa | parallel --gnu --plain -j 8 --block 11830 --recstart '>' --pipe hmmscan --noali --notextw --acc -E 1e-09 --cpu 1 /ibex/sw/csi/prokka/1.14.5/conda2/miniconda2/db/hmm/HAMAP.hmm /dev/stdin > \/home\/masom0b\/ncbi_dataset\/week_5\/prokka_output_CDS\/GCF_000008745\.1_ASM874v1_genomic_prokka_output\/GCF_000008745\.1_ASM874v1_genomic\.HAMAP\.hmm\.tmp\.15712\.hmmer3 2> /dev/null
[04:19:46] Deleting unwanted file: /home/masom0b/ncbi_dataset/week_5/prokka_output_CDS/GCF_000008745.1_ASM874v1_genomic_prokka_output/GCF_000008745.1_ASM874v1_genomic.HAMAP.hmm.tmp.15712.faa
[04:19:46] Deleting unwanted file: /home/masom0b/ncbi_dataset/week_5/prokka_output_CDS/GCF_000008745.1_ASM874v1_genomic_prokka_output/GCF_000008745.1_ASM874v1_genomic.HAMAP.hmm.tmp.15712.hmmer3
[04:19:46] Labelling remaining 489 proteins as 'hypothetical protein'
[04:19:46] Possible /pseudo 'putative outer membrane protein pmp10' at NC_000922.1 position 24416
[04:19:46] Possible /pseudo 'putative outer membrane protein pmp10' at NC_000922.1 position 26229
[04:19:46] Possible /pseudo 'Inosine-5'-monophosphate dehydrogenase' at NC_000922.1 position 213238
[04:19:46] Possible /pseudo 'Oligopeptide-binding protein OppA' at NC_000922.1 position 235939
[04:19:46] Possible /pseudo 'Oligopeptide-binding protein OppA' at NC_000922.1 position 237578
[04:19:46] Possible /pseudo 'DNA replication and repair protein RecF' at NC_000922.1 position 384205
[04:19:46] Possible /pseudo 'putative outer membrane protein pmp15' at NC_000922.1 position 541405
[04:19:46] Found 492 unique /gene codes.
[04:19:46] Fixed 2 duplicate /gene - pdhC_1 pdhC_2
[04:19:46] Fixed 2 duplicate /gene - pknD_1 pknD_2
[04:19:46] Fixed 2 duplicate /gene - tlcA_1 tlcA_2
[04:19:46] Fixed 2 duplicate /gene - rbn_1 rbn_2
[04:19:46] Fixed 2 duplicate /gene - ruvB_1 ruvB_2
[04:19:46] Fixed 2 duplicate /gene - dxs_1 dxs_2
[04:19:46] Fixed 2 duplicate /gene - ispE_1 ispE_2
[04:19:46] Fixed 3 duplicate /gene - groL_1 groL_2 groL_3
[04:19:46] Fixed 2 duplicate /gene - gyrA_1 gyrA_2
[04:19:46] Fixed 2 duplicate /gene - alsT_1 alsT_2
[04:19:46] Fixed 2 duplicate /gene - gyrB_1 gyrB_2
[04:19:46] Fixed 2 duplicate /gene - sctC_1 sctC_2
[04:19:46] Fixed 2 duplicate /gene - aas_1 aas_2
[04:19:46] Fixed 2 duplicate /gene - pfp_1 pfp_2
[04:19:46] Fixed 2 duplicate /gene - pgsA_1 pgsA_2
[04:19:46] Fixed 2 duplicate /gene - recF_1 recF_2
[04:19:46] Fixed 3 duplicate /gene - oppA_1 oppA_2 oppA_3
[04:19:46] Fixed 2 duplicate /gene - efp_1 efp_2
[04:19:46] Fixed 2 duplicate /gene - oppD_1 oppD_2
[04:19:46] Fixed 2 duplicate /gene - dinG_1 dinG_2
[04:19:46] Fixed 2 duplicate /gene - guaB_1 guaB_2
[04:19:46] Fixed 2 duplicate /gene - dnaA_1 dnaA_2
[04:19:46] Fixed 2 duplicate /gene - tyrP_1 tyrP_2
[04:19:46] Fixed 2 duplicate /gene - iscS_1 iscS_2
[04:19:46] Fixed 2 duplicate /gene - pmp8_1 pmp8_2
[04:19:46] Fixed 2 duplicate /gene - bioF_1 bioF_2
[04:19:46] Fixed 26 colliding /gene names.
[04:19:46] Adding /locus_tag identifiers
[04:19:46] Assigned 1100 locus_tags to CDS and RNA features.
[04:19:46] Writing outputs to /home/masom0b/ncbi_dataset/week_5/prokka_output_CDS/GCF_000008745.1_ASM874v1_genomic_prokka_output/
[04:19:46] Generating annotation statistics file
[04:19:46] Generating Genbank and Sequin files
[04:19:46] Running: tbl2asn -V b -a r10k -l paired-ends -M n -N 1 -y 'Annotated using prokka 1.14.6 from https://github.com/tseemann/prokka' -Z \/home\/masom0b\/ncbi_dataset\/week_5\/prokka_output_CDS\/GCF_000008745\.1_ASM874v1_genomic_prokka_output\/GCF_000008745\.1_ASM874v1_genomic\.err -i \/home\/masom0b\/ncbi_dataset\/week_5\/prokka_output_CDS\/GCF_000008745\.1_ASM874v1_genomic_prokka_output\/GCF_000008745\.1_ASM874v1_genomic\.fsa 2> /dev/null
[04:19:48] Deleting unwanted file: /home/masom0b/ncbi_dataset/week_5/prokka_output_CDS/GCF_000008745.1_ASM874v1_genomic_prokka_output/errorsummary.val
[04:19:48] Deleting unwanted file: /home/masom0b/ncbi_dataset/week_5/prokka_output_CDS/GCF_000008745.1_ASM874v1_genomic_prokka_output/GCF_000008745.1_ASM874v1_genomic.dr
[04:19:48] Deleting unwanted file: /home/masom0b/ncbi_dataset/week_5/prokka_output_CDS/GCF_000008745.1_ASM874v1_genomic_prokka_output/GCF_000008745.1_ASM874v1_genomic.fixedproducts
[04:19:48] Deleting unwanted file: /home/masom0b/ncbi_dataset/week_5/prokka_output_CDS/GCF_000008745.1_ASM874v1_genomic_prokka_output/GCF_000008745.1_ASM874v1_genomic.ecn
[04:19:48] Deleting unwanted file: /home/masom0b/ncbi_dataset/week_5/prokka_output_CDS/GCF_000008745.1_ASM874v1_genomic_prokka_output/GCF_000008745.1_ASM874v1_genomic.val
[04:19:48] Repairing broken .GBK output that tbl2asn produces...
[04:19:48] Running: sed 's/COORDINATES: profile/COORDINATES:profile/' < \/home\/masom0b\/ncbi_dataset\/week_5\/prokka_output_CDS\/GCF_000008745\.1_ASM874v1_genomic_prokka_output\/GCF_000008745\.1_ASM874v1_genomic\.gbf > \/home\/masom0b\/ncbi_dataset\/week_5\/prokka_output_CDS\/GCF_000008745\.1_ASM874v1_genomic_prokka_output\/GCF_000008745\.1_ASM874v1_genomic\.gbk
[04:19:48] Deleting unwanted file: /home/masom0b/ncbi_dataset/week_5/prokka_output_CDS/GCF_000008745.1_ASM874v1_genomic_prokka_output/GCF_000008745.1_ASM874v1_genomic.gbf
[04:19:48] Output files:
[04:19:48] /home/masom0b/ncbi_dataset/week_5/prokka_output_CDS/GCF_000008745.1_ASM874v1_genomic_prokka_output/GCF_000008745.1_ASM874v1_genomic.log
[04:19:48] /home/masom0b/ncbi_dataset/week_5/prokka_output_CDS/GCF_000008745.1_ASM874v1_genomic_prokka_output/GCF_000008745.1_ASM874v1_genomic.fna
[04:19:48] /home/masom0b/ncbi_dataset/week_5/prokka_output_CDS/GCF_000008745.1_ASM874v1_genomic_prokka_output/GCF_000008745.1_ASM874v1_genomic.gff
[04:19:48] /home/masom0b/ncbi_dataset/week_5/prokka_output_CDS/GCF_000008745.1_ASM874v1_genomic_prokka_output/GCF_000008745.1_ASM874v1_genomic.faa
[04:19:48] /home/masom0b/ncbi_dataset/week_5/prokka_output_CDS/GCF_000008745.1_ASM874v1_genomic_prokka_output/GCF_000008745.1_ASM874v1_genomic.ffn
[04:19:48] /home/masom0b/ncbi_dataset/week_5/prokka_output_CDS/GCF_000008745.1_ASM874v1_genomic_prokka_output/GCF_000008745.1_ASM874v1_genomic.tbl
[04:19:48] /home/masom0b/ncbi_dataset/week_5/prokka_output_CDS/GCF_000008745.1_ASM874v1_genomic_prokka_output/GCF_000008745.1_ASM874v1_genomic.fsa
[04:19:48] /home/masom0b/ncbi_dataset/week_5/prokka_output_CDS/GCF_000008745.1_ASM874v1_genomic_prokka_output/GCF_000008745.1_ASM874v1_genomic.tsv
[04:19:48] /home/masom0b/ncbi_dataset/week_5/prokka_output_CDS/GCF_000008745.1_ASM874v1_genomic_prokka_output/GCF_000008745.1_ASM874v1_genomic.txt
[04:19:48] /home/masom0b/ncbi_dataset/week_5/prokka_output_CDS/GCF_000008745.1_ASM874v1_genomic_prokka_output/GCF_000008745.1_ASM874v1_genomic.sqn
[04:19:48] /home/masom0b/ncbi_dataset/week_5/prokka_output_CDS/GCF_000008745.1_ASM874v1_genomic_prokka_output/GCF_000008745.1_ASM874v1_genomic.gbk
[04:19:48] /home/masom0b/ncbi_dataset/week_5/prokka_output_CDS/GCF_000008745.1_ASM874v1_genomic_prokka_output/GCF_000008745.1_ASM874v1_genomic.err
[04:19:48] Annotation finished successfully.
[04:19:48] Walltime used: 0.47 minutes
[04:19:48] If you use this result please cite the Prokka paper:
[04:19:48] Seemann T (2014) Prokka: rapid prokaryotic genome annotation. Bioinformatics. 30(14):2068-9.
[04:19:48] Type 'prokka --citation' for more details.
[04:19:48] Thank you, come again.
