[04:21:08] This is prokka 1.14.6
[04:21:08] Written by Torsten Seemann <torsten.seemann@gmail.com>
[04:21:08] Homepage is https://github.com/tseemann/prokka
[04:21:08] Local time is Sun Sep 29 04:21:08 2024
[04:21:08] You are masom0b
[04:21:08] Operating system is linux
[04:21:08] You have BioPerl 1.007002
[04:21:08] System has 40 cores.
[04:21:08] Will use maximum of 8 cores.
[04:21:08] Annotating as >>> Bacteria <<<
[04:21:08] Generating locus_tag from '/home/masom0b/ncbi_dataset/week_5/ncbi_dataset/data/GCF_000091085.2/GCF_000091085.2_ASM9108v2_genomic.fna' contents.
[04:21:08] Setting --locustag MMHIJJIH from MD5 661233218780e5273af48a6b91bbf9bc
[04:21:08] Re-using existing --outdir /home/masom0b/ncbi_dataset/week_5/prokka_output_CDS/GCF_000091085.2_ASM9108v2_genomic_prokka_output
[04:21:08] Using filename prefix: GCF_000091085.2_ASM9108v2_genomic.XXX
[04:21:08] Setting HMMER_NCPU=1
[04:21:08] Writing log to: /home/masom0b/ncbi_dataset/week_5/prokka_output_CDS/GCF_000091085.2_ASM9108v2_genomic_prokka_output/GCF_000091085.2_ASM9108v2_genomic.log
[04:21:08] Command: /ibex/sw/csi/prokka/1.14.5/conda2/miniconda2/bin/prokka --outdir /home/masom0b/ncbi_dataset/week_5/prokka_output_CDS/GCF_000091085.2_ASM9108v2_genomic_prokka_output --prefix GCF_000091085.2_ASM9108v2_genomic --force /home/masom0b/ncbi_dataset/week_5/ncbi_dataset/data/GCF_000091085.2/GCF_000091085.2_ASM9108v2_genomic.fna --quiet
[04:21:08] Appending to PATH: /ibex/sw/csi/prokka/1.14.5/conda2/miniconda2/bin
[04:21:08] Looking for 'aragorn' - found /ibex/sw/csi/prokka/1.14.5/conda2/miniconda2/bin/aragorn
[04:21:08] Determined aragorn version is 001002 from 'ARAGORN v1.2.38 Dean Laslett'
[04:21:08] Looking for 'barrnap' - found /ibex/sw/csi/prokka/1.14.5/conda2/miniconda2/bin/barrnap
[04:21:08] Determined barrnap version is 000009 from 'barrnap 0.9'
[04:21:08] Looking for 'blastp' - found /ibex/sw/csi/prokka/1.14.5/conda2/miniconda2/bin/blastp
[04:21:08] Determined blastp version is 002010 from 'blastp: 2.10.1+'
[04:21:08] Looking for 'cmpress' - found /ibex/sw/csi/prokka/1.14.5/conda2/miniconda2/bin/cmpress
[04:21:08] Determined cmpress version is 001001 from '# INFERNAL 1.1.3 (Nov 2019)'
[04:21:08] Looking for 'cmscan' - found /ibex/sw/csi/prokka/1.14.5/conda2/miniconda2/bin/cmscan
[04:21:08] Determined cmscan version is 001001 from '# INFERNAL 1.1.3 (Nov 2019)'
[04:21:08] Looking for 'egrep' - found /usr/bin/egrep
[04:21:08] Looking for 'find' - found /usr/bin/find
[04:21:08] Looking for 'grep' - found /usr/bin/grep
[04:21:08] Looking for 'hmmpress' - found /ibex/sw/csi/prokka/1.14.5/conda2/miniconda2/bin/hmmpress
[04:21:08] Determined hmmpress version is 003003 from '# HMMER 3.3.2 (Nov 2020); http://hmmer.org/'
[04:21:08] Looking for 'hmmscan' - found /ibex/sw/csi/prokka/1.14.5/conda2/miniconda2/bin/hmmscan
[04:21:08] Determined hmmscan version is 003003 from '# HMMER 3.3.2 (Nov 2020); http://hmmer.org/'
[04:21:08] Looking for 'java' - found /ibex/sw/csi/prokka/1.14.5/conda2/miniconda2/bin/java
[04:21:08] Looking for 'makeblastdb' - found /ibex/sw/csi/prokka/1.14.5/conda2/miniconda2/bin/makeblastdb
[04:21:08] Determined makeblastdb version is 002010 from 'makeblastdb: 2.10.1+'
[04:21:08] Looking for 'minced' - found /ibex/sw/csi/prokka/1.14.5/conda2/miniconda2/bin/minced
[04:21:08] Determined minced version is 004002 from 'minced 0.4.2'
[04:21:08] Looking for 'parallel' - found /ibex/sw/csi/prokka/1.14.5/conda2/miniconda2/bin/parallel
[04:21:08] Determined parallel version is 20201122 from 'GNU parallel 20201122'
[04:21:08] Looking for 'prodigal' - found /ibex/sw/rl9c/prodigal/2.6.3/rl9_gnu12.2.0/bin/prodigal
[04:21:08] Determined prodigal version is 002006 from 'Prodigal V2.6.3: February, 2016'
[04:21:08] Looking for 'prokka-genbank_to_fasta_db' - found /ibex/sw/csi/prokka/1.14.5/conda2/miniconda2/bin/prokka-genbank_to_fasta_db
[04:21:08] Looking for 'sed' - found /usr/bin/sed
[04:21:08] Looking for 'tbl2asn' - found /ibex/sw/csi/prokka/1.14.5/conda2/miniconda2/bin/tbl2asn
[04:21:08] Determined tbl2asn version is 025007 from 'tbl2asn 25.7   arguments:'
[04:21:08] Using genetic code table 11.
[04:21:08] Loading and checking input file: /home/masom0b/ncbi_dataset/week_5/ncbi_dataset/data/GCF_000091085.2/GCF_000091085.2_ASM9108v2_genomic.fna
[04:21:08] Wrote 1 contigs totalling 1229853 bp.
[04:21:08] Predicting tRNAs and tmRNAs
[04:21:08] Running: aragorn -l -gc11  -w \/home\/masom0b\/ncbi_dataset\/week_5\/prokka_output_CDS\/GCF_000091085\.2_ASM9108v2_genomic_prokka_output\/GCF_000091085\.2_ASM9108v2_genomic\.fna
[04:21:08] 1 tRNA-Ala c[5393,5467] 35 (ggc)
[04:21:08] 2 tRNA-Arg [34172,34244] 34 (tct)
[04:21:08] 3 tRNA-Thr [54804,54879] 35 (cgt)
[04:21:08] 4 tRNA-Lys c[56591,56663] 34 (ttt)
[04:21:08] 5 tRNA-Glu c[56688,56764] 38 (ttc)
[04:21:08] 6 tRNA-Gly c[59905,59975] 33 (tcc)
[04:21:08] 7 tRNA-Leu c[102099,102182] 35 (cag)
[04:21:08] 8 tRNA-Leu [125613,125697] 35 (taa)
[04:21:08] 9 tRNA-Ser [133144,133231] 35 (gct)
[04:21:08] 10 tRNA-Leu [161325,161408] 36 (gag)
[04:21:08] 11 tRNA-Arg c[164248,164321] 35 (tcg)
[04:21:08] 12 tRNA-Leu c[169266,169350] 35 (caa)
[04:21:08] 13 tRNA-Phe [210139,210213] 35 (gaa)
[04:21:08] 14 tRNA-Ser [214597,214685] 36 (gga)
[04:21:08] 15 tRNA-Arg c[378982,379057] 36 (cct)
[04:21:08] 16 tRNA-Pro c[431275,431349] 36 (tgg)
[04:21:08] 17 tRNA-Asp c[545058,545133] 36 (gtc)
[04:21:08] 18 tRNA-Val c[545135,545209] 35 (tac)
[04:21:08] 19 tRNA-Thr [547805,547879] 35 (tgt)
[04:21:08] 20 tRNA-Tyr [547884,547967] 35 (gta)
[04:21:08] 21 tRNA-Ala [572141,572213] 34 (tgc)
[04:21:08] 22 tRNA-Ile [572218,572291] 35 (gat)
[04:21:08] 23 tRNA-Met c[641807,641885] 36 (cat)
[04:21:08] 24 tRNA-Met c[641899,641973] 35 (cat)
[04:21:08] 25 tRNA-Asn [676811,676884] 34 (gtt)
[04:21:08] 26 tmRNA [702708,703130] 92,160 AEPKAECEIISLFDSVEERLAA*
[04:21:08] 27 tRNA-Trp c[750131,750205] 35 (cca)
[04:21:08] 28 tRNA-Thr c[751474,751545] 33 (ggt)
[04:21:08] 29 tRNA-Met [753680,753752] 34 (cat)
[04:21:08] 30 tRNA-Ser [841402,841490] 36 (cga)
[04:21:08] 31 tRNA-Leu c[895468,895552] 36 (tag)
[04:21:08] 32 tRNA-Ser c[929296,929380] 35 (tga)
[04:21:08] 33 tRNA-Val [933953,934026] 35 (gac)
[04:21:08] 34 tRNA-Gln c[985738,985811] 34 (ttg)
[04:21:08] 35 tRNA-Cys [1040839,1040909] 33 (gca)
[04:21:08] 36 tRNA-His [1071420,1071494] 35 (gtg)
[04:21:08] 37 tRNA-Gly [1109835,1109906] 33 (gcc)
[04:21:08] 38 tRNA-Arg c[1193970,1194043] 35 (acg)
[04:21:08] 39 tRNA-Pro c[1227444,1227517] 35 (ggg)
[04:21:08] Found 39 tRNAs
[04:21:08] Predicting Ribosomal RNAs
[04:21:08] Running Barrnap with 8 threads
[04:21:09] 1 NC_002179.2 1065938 5S ribosomal RNA
[04:21:09] 2 NC_002179.2 1066167 23S ribosomal RNA
[04:21:09] 3 NC_002179.2 1069330 16S ribosomal RNA
[04:21:09] Found 3 rRNAs
[04:21:09] Skipping ncRNA search, enable with --rfam if desired.
[04:21:09] Total of 41 tRNA + rRNA features
[04:21:09] Searching for CRISPR repeats
[04:21:09] Found 0 CRISPRs
[04:21:09] Predicting coding sequences
[04:21:09] Contigs total 1229853 bp, so using single mode
[04:21:09] Running: prodigal -i \/home\/masom0b\/ncbi_dataset\/week_5\/prokka_output_CDS\/GCF_000091085\.2_ASM9108v2_genomic_prokka_output\/GCF_000091085\.2_ASM9108v2_genomic\.fna -c -m -g 11 -p single -f sco -q
[04:21:11] Excluding CDS which overlaps existing RNA (tRNA) at NC_002179.2:3235..5403 on + strand
[04:21:11] Excluding CDS which overlaps existing RNA (tRNA) at NC_002179.2:547932..548039 on - strand
[04:21:11] Excluding CDS which overlaps existing RNA (tRNA) at NC_002179.2:934017..934691 on - strand
[04:21:11] Excluding CDS which overlaps existing RNA (rRNA) at NC_002179.2:1066576..1067205 on + strand
[04:21:11] Excluding CDS which overlaps existing RNA (tRNA) at NC_002179.2:1071290..1071442 on + strand
[04:21:11] Found 1052 CDS
[04:21:11] Connecting features back to sequences
[04:21:11] Not using genus-specific database. Try --usegenus to enable it.
[04:21:11] Annotating CDS, please be patient.
[04:21:11] Will use 8 CPUs for similarity searching.
[04:21:12] There are still 1052 unannotated CDS left (started with 1052)
[04:21:12] Will use blast to search against /ibex/sw/csi/prokka/1.14.5/conda2/miniconda2/db/kingdom/Bacteria/IS with 8 CPUs
[04:21:12] Running: cat \/home\/masom0b\/ncbi_dataset\/week_5\/prokka_output_CDS\/GCF_000091085\.2_ASM9108v2_genomic_prokka_output\/GCF_000091085\.2_ASM9108v2_genomic\.IS\.tmp\.19009\.faa | parallel --gnu --plain -j 8 --block 23186 --recstart '>' --pipe blastp -query - -db /ibex/sw/csi/prokka/1.14.5/conda2/miniconda2/db/kingdom/Bacteria/IS -evalue 1e-30 -qcov_hsp_perc 90 -num_threads 1 -num_descriptions 1 -num_alignments 1 -seg no > \/home\/masom0b\/ncbi_dataset\/week_5\/prokka_output_CDS\/GCF_000091085\.2_ASM9108v2_genomic_prokka_output\/GCF_000091085\.2_ASM9108v2_genomic\.IS\.tmp\.19009\.blast 2> /dev/null
[04:21:15] Deleting unwanted file: /home/masom0b/ncbi_dataset/week_5/prokka_output_CDS/GCF_000091085.2_ASM9108v2_genomic_prokka_output/GCF_000091085.2_ASM9108v2_genomic.IS.tmp.19009.faa
[04:21:15] Deleting unwanted file: /home/masom0b/ncbi_dataset/week_5/prokka_output_CDS/GCF_000091085.2_ASM9108v2_genomic_prokka_output/GCF_000091085.2_ASM9108v2_genomic.IS.tmp.19009.blast
[04:21:15] There are still 1052 unannotated CDS left (started with 1052)
[04:21:15] Will use blast to search against /ibex/sw/csi/prokka/1.14.5/conda2/miniconda2/db/kingdom/Bacteria/AMR with 8 CPUs
[04:21:15] Running: cat \/home\/masom0b\/ncbi_dataset\/week_5\/prokka_output_CDS\/GCF_000091085\.2_ASM9108v2_genomic_prokka_output\/GCF_000091085\.2_ASM9108v2_genomic\.AMR\.tmp\.19009\.faa | parallel --gnu --plain -j 8 --block 23186 --recstart '>' --pipe blastp -query - -db /ibex/sw/csi/prokka/1.14.5/conda2/miniconda2/db/kingdom/Bacteria/AMR -evalue 9.99999999999999e-301 -qcov_hsp_perc 90 -num_threads 1 -num_descriptions 1 -num_alignments 1 -seg no > \/home\/masom0b\/ncbi_dataset\/week_5\/prokka_output_CDS\/GCF_000091085\.2_ASM9108v2_genomic_prokka_output\/GCF_000091085\.2_ASM9108v2_genomic\.AMR\.tmp\.19009\.blast 2> /dev/null
[04:21:18] Deleting unwanted file: /home/masom0b/ncbi_dataset/week_5/prokka_output_CDS/GCF_000091085.2_ASM9108v2_genomic_prokka_output/GCF_000091085.2_ASM9108v2_genomic.AMR.tmp.19009.faa
[04:21:18] Deleting unwanted file: /home/masom0b/ncbi_dataset/week_5/prokka_output_CDS/GCF_000091085.2_ASM9108v2_genomic_prokka_output/GCF_000091085.2_ASM9108v2_genomic.AMR.tmp.19009.blast
[04:21:18] There are still 1052 unannotated CDS left (started with 1052)
[04:21:18] Will use blast to search against /ibex/sw/csi/prokka/1.14.5/conda2/miniconda2/db/kingdom/Bacteria/sprot with 8 CPUs
[04:21:18] Running: cat \/home\/masom0b\/ncbi_dataset\/week_5\/prokka_output_CDS\/GCF_000091085\.2_ASM9108v2_genomic_prokka_output\/GCF_000091085\.2_ASM9108v2_genomic\.sprot\.tmp\.19009\.faa | parallel --gnu --plain -j 8 --block 23186 --recstart '>' --pipe blastp -query - -db /ibex/sw/csi/prokka/1.14.5/conda2/miniconda2/db/kingdom/Bacteria/sprot -evalue 1e-09 -qcov_hsp_perc 80 -num_threads 1 -num_descriptions 1 -num_alignments 1 -seg no > \/home\/masom0b\/ncbi_dataset\/week_5\/prokka_output_CDS\/GCF_000091085\.2_ASM9108v2_genomic_prokka_output\/GCF_000091085\.2_ASM9108v2_genomic\.sprot\.tmp\.19009\.blast 2> /dev/null
[04:21:30] Modify product: Probable FKBP-type peptidyl-prolyl cis-trans isomerase FkpA => putative FKBP-type peptidyl-prolyl cis-trans isomerase FkpA
[04:21:30] Modify product: Bifunctional protein FolD => Bifunctional protein FolD protein
[04:21:30] Modify product: UPF0053 protein HI_0107 => hypothetical protein
[04:21:30] Modify product: UPF0053 protein HI_0107 => hypothetical protein
[04:21:30] Modify product: Glycogen operon protein GlgX homolog => Glycogen operon protein GlgX 
[04:21:30] Modify product: Probable cytosol aminopeptidase => putative cytosol aminopeptidase
[04:21:30] Modify product: UPF0235 protein YggU => hypothetical protein
[04:21:30] Modify product: Probable ABC transporter arginine-binding protein ArtJ => putative ABC transporter arginine-binding protein ArtJ
[04:21:30] Modify product: Probable outer membrane protein pmp18 => putative outer membrane protein pmp18
[04:21:30] Modify product: Probable outer membrane protein pmp15 => putative outer membrane protein pmp15
[04:21:30] Modify product: Probable outer membrane protein pmp15 => putative outer membrane protein pmp15
[04:21:30] Modify product: UPF0176 protein SP_0095 => hypothetical protein
[04:21:30] Modify product: Uncharacterized protein CT_666 => putative protein CT_666
[04:21:30] Modify product: Probable ATP synthase YscN => putative ATP synthase YscN
[04:21:30] Modify product: Uncharacterized protein CT_671 => putative protein CT_671
[04:21:30] Modify product: Probable ATP-dependent transporter SufC => putative ATP-dependent transporter SufC
[04:21:30] Modify product: Probable chromosome-partitioning protein ParB => putative chromosome-partitioning protein ParB
[04:21:30] Modify product: UPF0111 protein HI_1603 => hypothetical protein
[04:21:30] Modify product: Probable UbiX-like flavin prenyltransferase => putative UbiX-like flavin prenyltransferase
[04:21:30] Modify product: Probable transcriptional regulatory protein YebC => putative transcriptional regulatory protein YebC
[04:21:30] Modify product: Probable outer membrane protein pmp20 => putative outer membrane protein pmp20
[04:21:30] Modify product: Probable outer membrane protein pmp19 => putative outer membrane protein pmp19
[04:21:30] Modify product: Probable outer membrane protein pmp16 => putative outer membrane protein pmp16
[04:21:30] Modify product: Probable outer membrane protein pmp15 => putative outer membrane protein pmp15
[04:21:30] Modify product: Probable outer membrane protein pmp14 => putative outer membrane protein pmp14
[04:21:30] Modify product: Probable outer membrane protein pmp13 => putative outer membrane protein pmp13
[04:21:30] Modify product: Probable outer membrane protein pmp12 => putative outer membrane protein pmp12
[04:21:30] Modify product: Probable outer membrane protein pmp11 => putative outer membrane protein pmp11
[04:21:30] Modify product: Probable outer membrane protein pmp10 => putative outer membrane protein pmp10
[04:21:30] Modify product: Probable outer membrane protein pmp9 => putative outer membrane protein pmp9
[04:21:30] Modify product: Probable outer membrane protein pmp8 => putative outer membrane protein pmp8
[04:21:30] Modify product: Probable outer membrane protein pmp7 => putative outer membrane protein pmp7
[04:21:30] Modify product: Probable outer membrane protein pmp6 => putative outer membrane protein pmp6
[04:21:30] Modify product: UPF0301 protein SO_3346 => hypothetical protein
[04:21:30] Modify product: GTP cyclohydrolase 1 type 2 homolog => GTP cyclohydrolase 1 type 2 
[04:21:30] Modify product: UPF0056 inner membrane protein YhgN => hypothetical protein
[04:21:30] Modify product: Probable outer membrane protein pmp21 => putative outer membrane protein pmp21
[04:21:30] Modify product: UPF0098 protein CT_736 => hypothetical protein
[04:21:30] Modify product: Probable cadmium-transporting ATPase => putative cadmium-transporting ATPase
[04:21:30] Modify product: Probable secretion system apparatus ATP synthase SsaN => putative secretion system apparatus ATP synthase SsaN
[04:21:30] Modify product: Probable uridylyltransferase SA1974 => putative uridylyltransferase
[04:21:30] Modify product: Probable peptidoglycan glycosyltransferase FtsW => putative peptidoglycan glycosyltransferase FtsW
[04:21:30] Modify product: Uncharacterized ABC transporter ATP-binding protein YbiT => putative ABC transporter ATP-binding protein YbiT
[04:21:30] Modify product: Probable outer membrane protein pmp10 => putative outer membrane protein pmp10
[04:21:30] Modify product: Probable outer membrane protein pmp8 => putative outer membrane protein pmp8
[04:21:30] Modify product: Probable outer membrane protein pmp10 => putative outer membrane protein pmp10
[04:21:30] Modify product: Probable outer membrane protein pmp8 => putative outer membrane protein pmp8
[04:21:30] Modify product: Probable outer membrane protein pmp10 => putative outer membrane protein pmp10
[04:21:30] Modify product: Probable outer membrane protein pmp11 => putative outer membrane protein pmp11
[04:21:30] Modify product: Probable outer membrane protein pmp2 => putative outer membrane protein pmp2
[04:21:30] Modify product: Probable outer membrane protein pmp1 => putative outer membrane protein pmp1
[04:21:30] Modify product: Protein CPn_0803/CP_1068/CPj0803/CpB0832 => Protein/CP_1068/CPj0803/CpB0832
[04:21:30] Modify product: Probable oxidoreductase CT_610 => putative oxidoreductase CT_610
[04:21:30] Cleaned 53 /product names
[04:21:30] Deleting unwanted file: /home/masom0b/ncbi_dataset/week_5/prokka_output_CDS/GCF_000091085.2_ASM9108v2_genomic_prokka_output/GCF_000091085.2_ASM9108v2_genomic.sprot.tmp.19009.faa
[04:21:30] Deleting unwanted file: /home/masom0b/ncbi_dataset/week_5/prokka_output_CDS/GCF_000091085.2_ASM9108v2_genomic_prokka_output/GCF_000091085.2_ASM9108v2_genomic.sprot.tmp.19009.blast
[04:21:30] There are still 584 unannotated CDS left (started with 1052)
[04:21:30] Will use hmmer3 to search against /ibex/sw/csi/prokka/1.14.5/conda2/miniconda2/db/hmm/HAMAP.hmm with 8 CPUs
[04:21:30] Running: cat \/home\/masom0b\/ncbi_dataset\/week_5\/prokka_output_CDS\/GCF_000091085\.2_ASM9108v2_genomic_prokka_output\/GCF_000091085\.2_ASM9108v2_genomic\.HAMAP\.hmm\.tmp\.19009\.faa | parallel --gnu --plain -j 8 --block 11800 --recstart '>' --pipe hmmscan --noali --notextw --acc -E 1e-09 --cpu 1 /ibex/sw/csi/prokka/1.14.5/conda2/miniconda2/db/hmm/HAMAP.hmm /dev/stdin > \/home\/masom0b\/ncbi_dataset\/week_5\/prokka_output_CDS\/GCF_000091085\.2_ASM9108v2_genomic_prokka_output\/GCF_000091085\.2_ASM9108v2_genomic\.HAMAP\.hmm\.tmp\.19009\.hmmer3 2> /dev/null
[04:21:34] Deleting unwanted file: /home/masom0b/ncbi_dataset/week_5/prokka_output_CDS/GCF_000091085.2_ASM9108v2_genomic_prokka_output/GCF_000091085.2_ASM9108v2_genomic.HAMAP.hmm.tmp.19009.faa
[04:21:34] Deleting unwanted file: /home/masom0b/ncbi_dataset/week_5/prokka_output_CDS/GCF_000091085.2_ASM9108v2_genomic_prokka_output/GCF_000091085.2_ASM9108v2_genomic.HAMAP.hmm.tmp.19009.hmmer3
[04:21:34] Labelling remaining 483 proteins as 'hypothetical protein'
[04:21:34] Possible /pseudo 'putative outer membrane protein pmp15' at NC_002179.2 position 300124
[04:21:34] Possible /pseudo 'DNA replication and repair protein RecF' at NC_002179.2 position 457246
[04:21:34] Possible /pseudo 'Oligopeptide-binding protein OppA' at NC_002179.2 position 603767
[04:21:34] Possible /pseudo 'Oligopeptide-binding protein OppA' at NC_002179.2 position 605501
[04:21:34] Possible /pseudo 'Inosine-5'-monophosphate dehydrogenase' at NC_002179.2 position 628112
[04:21:34] Found 493 unique /gene codes.
[04:21:34] Fixed 2 duplicate /gene - pgsA_1 pgsA_2
[04:21:34] Fixed 2 duplicate /gene - bioF_1 bioF_2
[04:21:34] Fixed 2 duplicate /gene - gyrA_1 gyrA_2
[04:21:34] Fixed 2 duplicate /gene - oppD_1 oppD_2
[04:21:34] Fixed 3 duplicate /gene - oppA_1 oppA_2 oppA_3
[04:21:34] Fixed 2 duplicate /gene - rbn_1 rbn_2
[04:21:34] Fixed 2 duplicate /gene - aas_1 aas_2
[04:21:34] Fixed 2 duplicate /gene - dxs_1 dxs_2
[04:21:34] Fixed 2 duplicate /gene - ruvB_1 ruvB_2
[04:21:34] Fixed 2 duplicate /gene - tlcA_1 tlcA_2
[04:21:34] Fixed 2 duplicate /gene - gyrB_1 gyrB_2
[04:21:34] Fixed 2 duplicate /gene - tyrP_1 tyrP_2
[04:21:34] Fixed 2 duplicate /gene - alsT_1 alsT_2
[04:21:34] Fixed 2 duplicate /gene - ispE_1 ispE_2
[04:21:34] Fixed 2 duplicate /gene - pknD_1 pknD_2
[04:21:34] Fixed 2 duplicate /gene - pdhC_1 pdhC_2
[04:21:34] Fixed 3 duplicate /gene - groL_1 groL_2 groL_3
[04:21:34] Fixed 2 duplicate /gene - sctC_1 sctC_2
[04:21:34] Fixed 3 duplicate /gene - pmp8_1 pmp8_2 pmp8_3
[04:21:34] Fixed 2 duplicate /gene - pfp_1 pfp_2
[04:21:34] Fixed 2 duplicate /gene - iscS_1 iscS_2
[04:21:34] Fixed 2 duplicate /gene - dnaA_1 dnaA_2
[04:21:34] Fixed 2 duplicate /gene - dinG_1 dinG_2
[04:21:34] Fixed 2 duplicate /gene - efp_1 efp_2
[04:21:34] Fixed 2 duplicate /gene - recF_1 recF_2
[04:21:34] Fixed 2 duplicate /gene - guaB_1 guaB_2
[04:21:34] Fixed 26 colliding /gene names.
[04:21:34] Adding /locus_tag identifiers
[04:21:34] Assigned 1094 locus_tags to CDS and RNA features.
[04:21:34] Writing outputs to /home/masom0b/ncbi_dataset/week_5/prokka_output_CDS/GCF_000091085.2_ASM9108v2_genomic_prokka_output/
[04:21:34] Generating annotation statistics file
[04:21:34] Generating Genbank and Sequin files
[04:21:34] Running: tbl2asn -V b -a r10k -l paired-ends -M n -N 1 -y 'Annotated using prokka 1.14.6 from https://github.com/tseemann/prokka' -Z \/home\/masom0b\/ncbi_dataset\/week_5\/prokka_output_CDS\/GCF_000091085\.2_ASM9108v2_genomic_prokka_output\/GCF_000091085\.2_ASM9108v2_genomic\.err -i \/home\/masom0b\/ncbi_dataset\/week_5\/prokka_output_CDS\/GCF_000091085\.2_ASM9108v2_genomic_prokka_output\/GCF_000091085\.2_ASM9108v2_genomic\.fsa 2> /dev/null
[04:21:36] Deleting unwanted file: /home/masom0b/ncbi_dataset/week_5/prokka_output_CDS/GCF_000091085.2_ASM9108v2_genomic_prokka_output/errorsummary.val
[04:21:36] Deleting unwanted file: /home/masom0b/ncbi_dataset/week_5/prokka_output_CDS/GCF_000091085.2_ASM9108v2_genomic_prokka_output/GCF_000091085.2_ASM9108v2_genomic.dr
[04:21:36] Deleting unwanted file: /home/masom0b/ncbi_dataset/week_5/prokka_output_CDS/GCF_000091085.2_ASM9108v2_genomic_prokka_output/GCF_000091085.2_ASM9108v2_genomic.fixedproducts
[04:21:36] Deleting unwanted file: /home/masom0b/ncbi_dataset/week_5/prokka_output_CDS/GCF_000091085.2_ASM9108v2_genomic_prokka_output/GCF_000091085.2_ASM9108v2_genomic.ecn
[04:21:36] Deleting unwanted file: /home/masom0b/ncbi_dataset/week_5/prokka_output_CDS/GCF_000091085.2_ASM9108v2_genomic_prokka_output/GCF_000091085.2_ASM9108v2_genomic.val
[04:21:36] Repairing broken .GBK output that tbl2asn produces...
[04:21:36] Running: sed 's/COORDINATES: profile/COORDINATES:profile/' < \/home\/masom0b\/ncbi_dataset\/week_5\/prokka_output_CDS\/GCF_000091085\.2_ASM9108v2_genomic_prokka_output\/GCF_000091085\.2_ASM9108v2_genomic\.gbf > \/home\/masom0b\/ncbi_dataset\/week_5\/prokka_output_CDS\/GCF_000091085\.2_ASM9108v2_genomic_prokka_output\/GCF_000091085\.2_ASM9108v2_genomic\.gbk
[04:21:36] Deleting unwanted file: /home/masom0b/ncbi_dataset/week_5/prokka_output_CDS/GCF_000091085.2_ASM9108v2_genomic_prokka_output/GCF_000091085.2_ASM9108v2_genomic.gbf
[04:21:36] Output files:
[04:21:36] /home/masom0b/ncbi_dataset/week_5/prokka_output_CDS/GCF_000091085.2_ASM9108v2_genomic_prokka_output/GCF_000091085.2_ASM9108v2_genomic.log
[04:21:36] /home/masom0b/ncbi_dataset/week_5/prokka_output_CDS/GCF_000091085.2_ASM9108v2_genomic_prokka_output/GCF_000091085.2_ASM9108v2_genomic.fna
[04:21:36] /home/masom0b/ncbi_dataset/week_5/prokka_output_CDS/GCF_000091085.2_ASM9108v2_genomic_prokka_output/GCF_000091085.2_ASM9108v2_genomic.gff
[04:21:36] /home/masom0b/ncbi_dataset/week_5/prokka_output_CDS/GCF_000091085.2_ASM9108v2_genomic_prokka_output/GCF_000091085.2_ASM9108v2_genomic.faa
[04:21:36] /home/masom0b/ncbi_dataset/week_5/prokka_output_CDS/GCF_000091085.2_ASM9108v2_genomic_prokka_output/GCF_000091085.2_ASM9108v2_genomic.ffn
[04:21:36] /home/masom0b/ncbi_dataset/week_5/prokka_output_CDS/GCF_000091085.2_ASM9108v2_genomic_prokka_output/GCF_000091085.2_ASM9108v2_genomic.tbl
[04:21:36] /home/masom0b/ncbi_dataset/week_5/prokka_output_CDS/GCF_000091085.2_ASM9108v2_genomic_prokka_output/GCF_000091085.2_ASM9108v2_genomic.fsa
[04:21:36] /home/masom0b/ncbi_dataset/week_5/prokka_output_CDS/GCF_000091085.2_ASM9108v2_genomic_prokka_output/GCF_000091085.2_ASM9108v2_genomic.tsv
[04:21:36] /home/masom0b/ncbi_dataset/week_5/prokka_output_CDS/GCF_000091085.2_ASM9108v2_genomic_prokka_output/GCF_000091085.2_ASM9108v2_genomic.txt
[04:21:36] /home/masom0b/ncbi_dataset/week_5/prokka_output_CDS/GCF_000091085.2_ASM9108v2_genomic_prokka_output/GCF_000091085.2_ASM9108v2_genomic.sqn
[04:21:36] /home/masom0b/ncbi_dataset/week_5/prokka_output_CDS/GCF_000091085.2_ASM9108v2_genomic_prokka_output/GCF_000091085.2_ASM9108v2_genomic.gbk
[04:21:36] /home/masom0b/ncbi_dataset/week_5/prokka_output_CDS/GCF_000091085.2_ASM9108v2_genomic_prokka_output/GCF_000091085.2_ASM9108v2_genomic.err
[04:21:36] Annotation finished successfully.
[04:21:36] Walltime used: 0.47 minutes
[04:21:36] If you use this result please cite the Prokka paper:
[04:21:36] Seemann T (2014) Prokka: rapid prokaryotic genome annotation. Bioinformatics. 30(14):2068-9.
[04:21:36] Type 'prokka --citation' for more details.
[04:21:36] Thank you, come again.
